D:\working\pluralsight\modern C++\4 - Operators\Demo\Begin\Comparison\Comparison\Debug\cl.command.1.tlog
D:\working\pluralsight\modern C++\4 - Operators\Demo\Begin\Comparison\Comparison\Debug\CL.read.1.tlog
D:\working\pluralsight\modern C++\4 - Operators\Demo\Begin\Comparison\Comparison\Debug\CL.write.1.tlog
D:\WORKING\PLURALSIGHT\MODERN C++\4 - OPERATORS\DEMO\BEGIN\COMPARISON\COMPARISON\DEBUG\COMPARISON.EXE.EMBED.MANIFEST
D:\WORKING\PLURALSIGHT\MODERN C++\4 - OPERATORS\DEMO\BEGIN\COMPARISON\COMPARISON\DEBUG\COMPARISON.EXE.EMBED.MANIFEST.RES
D:\WORKING\PLURALSIGHT\MODERN C++\4 - OPERATORS\DEMO\BEGIN\COMPARISON\COMPARISON\DEBUG\COMPARISON.EXE.INTERMEDIATE.MANIFEST
D:\WORKING\PLURALSIGHT\MODERN C++\4 - OPERATORS\DEMO\BEGIN\COMPARISON\COMPARISON\DEBUG\COMPARISON.OBJ
D:\WORKING\PLURALSIGHT\MODERN C++\4 - OPERATORS\DEMO\BEGIN\COMPARISON\COMPARISON\DEBUG\COMPARISON.PCH
D:\working\pluralsight\modern C++\4 - Operators\Demo\Begin\Comparison\Comparison\Debug\Comparison_manifest.rc
D:\working\pluralsight\modern C++\4 - Operators\Demo\Begin\Comparison\Comparison\Debug\link.10532.read.1.tlog
D:\working\pluralsight\modern C++\4 - Operators\Demo\Begin\Comparison\Comparison\Debug\link.10532.write.1.tlog
D:\working\pluralsight\modern C++\4 - Operators\Demo\Begin\Comparison\Comparison\Debug\link.10532-cvtres.read.1.tlog
D:\working\pluralsight\modern C++\4 - Operators\Demo\Begin\Comparison\Comparison\Debug\link.10532-cvtres.write.1.tlog
D:\working\pluralsight\modern C++\4 - Operators\Demo\Begin\Comparison\Comparison\Debug\link.command.1.tlog
D:\working\pluralsight\modern C++\4 - Operators\Demo\Begin\Comparison\Comparison\Debug\link.read.1.tlog
D:\working\pluralsight\modern C++\4 - Operators\Demo\Begin\Comparison\Comparison\Debug\link.write.1.tlog
D:\working\pluralsight\modern C++\4 - Operators\Demo\Begin\Comparison\Comparison\Debug\link-cvtres.read.1.tlog
D:\working\pluralsight\modern C++\4 - Operators\Demo\Begin\Comparison\Comparison\Debug\link-cvtres.write.1.tlog
D:\working\pluralsight\modern C++\4 - Operators\Demo\Begin\Comparison\Comparison\Debug\mt.command.1.tlog
D:\working\pluralsight\modern C++\4 - Operators\Demo\Begin\Comparison\Comparison\Debug\mt.read.1.tlog
D:\working\pluralsight\modern C++\4 - Operators\Demo\Begin\Comparison\Comparison\Debug\mt.write.1.tlog
D:\working\pluralsight\modern C++\4 - Operators\Demo\Begin\Comparison\Comparison\Debug\rc.command.1.tlog
D:\working\pluralsight\modern C++\4 - Operators\Demo\Begin\Comparison\Comparison\Debug\rc.read.1.tlog
D:\working\pluralsight\modern C++\4 - Operators\Demo\Begin\Comparison\Comparison\Debug\rc.write.1.tlog
D:\WORKING\PLURALSIGHT\MODERN C++\4 - OPERATORS\DEMO\BEGIN\COMPARISON\COMPARISON\DEBUG\STDAFX.OBJ
D:\working\pluralsight\modern C++\4 - Operators\Demo\Begin\Comparison\Comparison\Debug\vc100.idb
D:\WORKING\PLURALSIGHT\MODERN C++\4 - OPERATORS\DEMO\BEGIN\COMPARISON\COMPARISON\DEBUG\VC100.PDB
D:\WORKING\PLURALSIGHT\MODERN C++\4 - OPERATORS\DEMO\BEGIN\COMPARISON\DEBUG\COMPARISON.EXE
D:\WORKING\PLURALSIGHT\MODERN C++\4 - OPERATORS\DEMO\BEGIN\COMPARISON\DEBUG\COMPARISON.ILK
D:\WORKING\PLURALSIGHT\MODERN C++\4 - OPERATORS\DEMO\BEGIN\COMPARISON\DEBUG\COMPARISON.PDB
