D:\WORKING\PLURALSIGHT\MODERN C++\3 - FLOW OF CONTROL\DEMO\END\CLASSESANDOBJECTS\CLASSESANDOBJECTS\DEBUG\CLASSESANDOBJECTS.EXE.EMBED.MANIFEST
D:\WORKING\PLURALSIGHT\MODERN C++\3 - FLOW OF CONTROL\DEMO\END\CLASSESANDOBJECTS\CLASSESANDOBJECTS\DEBUG\CLASSESANDOBJECTS.EXE.EMBED.MANIFEST.RES
D:\WORKING\PLURALSIGHT\MODERN C++\3 - FLOW OF CONTROL\DEMO\END\CLASSESANDOBJECTS\CLASSESANDOBJECTS\DEBUG\CLASSESANDOBJECTS.EXE.INTERMEDIATE.MANIFEST
D:\WORKING\PLURALSIGHT\MODERN C++\3 - FLOW OF CONTROL\DEMO\END\CLASSESANDOBJECTS\CLASSESANDOBJECTS\DEBUG\CLASSESANDOBJECTS.OBJ
D:\WORKING\PLURALSIGHT\MODERN C++\3 - FLOW OF CONTROL\DEMO\END\CLASSESANDOBJECTS\CLASSESANDOBJECTS\DEBUG\CLASSESANDOBJECTS.PCH
D:\WORKING\PLURALSIGHT\MODERN C++\3 - FLOW OF CONTROL\DEMO\END\CLASSESANDOBJECTS\CLASSESANDOBJECTS\DEBUG\PERSON.OBJ
D:\WORKING\PLURALSIGHT\MODERN C++\3 - FLOW OF CONTROL\DEMO\END\CLASSESANDOBJECTS\CLASSESANDOBJECTS\DEBUG\STDAFX.OBJ
D:\WORKING\PLURALSIGHT\MODERN C++\3 - FLOW OF CONTROL\DEMO\END\CLASSESANDOBJECTS\CLASSESANDOBJECTS\DEBUG\TWEETER.OBJ
D:\WORKING\PLURALSIGHT\MODERN C++\3 - FLOW OF CONTROL\DEMO\END\CLASSESANDOBJECTS\CLASSESANDOBJECTS\DEBUG\VC100.PDB
D:\WORKING\PLURALSIGHT\MODERN C++\3 - FLOW OF CONTROL\DEMO\END\CLASSESANDOBJECTS\DEBUG\CLASSESANDOBJECTS.EXE
D:\WORKING\PLURALSIGHT\MODERN C++\3 - FLOW OF CONTROL\DEMO\END\CLASSESANDOBJECTS\DEBUG\CLASSESANDOBJECTS.ILK
D:\WORKING\PLURALSIGHT\MODERN C++\3 - FLOW OF CONTROL\DEMO\END\CLASSESANDOBJECTS\DEBUG\CLASSESANDOBJECTS.PDB
D:\working\pluralsight\modern C++\4 - Operators\Demo\Begin\ClassesAndObjects\ClassesAndObjects\Debug\cl.command.1.tlog
D:\working\pluralsight\modern C++\4 - Operators\Demo\Begin\ClassesAndObjects\ClassesAndObjects\Debug\CL.read.1.tlog
D:\working\pluralsight\modern C++\4 - Operators\Demo\Begin\ClassesAndObjects\ClassesAndObjects\Debug\CL.write.1.tlog
D:\working\pluralsight\modern C++\4 - Operators\Demo\Begin\ClassesAndObjects\ClassesAndObjects\Debug\ClassesAndObjects.exe.embed.manifest
D:\working\pluralsight\modern C++\4 - Operators\Demo\Begin\ClassesAndObjects\ClassesAndObjects\Debug\ClassesAndObjects.exe.embed.manifest.res
D:\working\pluralsight\modern C++\4 - Operators\Demo\Begin\ClassesAndObjects\ClassesAndObjects\Debug\ClassesAndObjects.exe.intermediate.manifest
D:\working\pluralsight\modern C++\4 - Operators\Demo\Begin\ClassesAndObjects\ClassesAndObjects\Debug\ClassesAndObjects.obj
D:\working\pluralsight\modern C++\4 - Operators\Demo\Begin\ClassesAndObjects\ClassesAndObjects\Debug\ClassesAndObjects.pch
D:\working\pluralsight\modern C++\4 - Operators\Demo\Begin\ClassesAndObjects\ClassesAndObjects\Debug\ClassesAndObjects_manifest.rc
D:\working\pluralsight\modern C++\4 - Operators\Demo\Begin\ClassesAndObjects\ClassesAndObjects\Debug\link.11788.read.1.tlog
D:\working\pluralsight\modern C++\4 - Operators\Demo\Begin\ClassesAndObjects\ClassesAndObjects\Debug\link.11788.write.1.tlog
D:\working\pluralsight\modern C++\4 - Operators\Demo\Begin\ClassesAndObjects\ClassesAndObjects\Debug\link.11788-cvtres.read.1.tlog
D:\working\pluralsight\modern C++\4 - Operators\Demo\Begin\ClassesAndObjects\ClassesAndObjects\Debug\link.11788-cvtres.write.1.tlog
D:\working\pluralsight\modern C++\4 - Operators\Demo\Begin\ClassesAndObjects\ClassesAndObjects\Debug\link.292.read.1.tlog
D:\working\pluralsight\modern C++\4 - Operators\Demo\Begin\ClassesAndObjects\ClassesAndObjects\Debug\link.292.write.1.tlog
D:\working\pluralsight\modern C++\4 - Operators\Demo\Begin\ClassesAndObjects\ClassesAndObjects\Debug\link.292-cvtres.read.1.tlog
D:\working\pluralsight\modern C++\4 - Operators\Demo\Begin\ClassesAndObjects\ClassesAndObjects\Debug\link.292-cvtres.write.1.tlog
D:\working\pluralsight\modern C++\4 - Operators\Demo\Begin\ClassesAndObjects\ClassesAndObjects\Debug\link.3012.read.1.tlog
D:\working\pluralsight\modern C++\4 - Operators\Demo\Begin\ClassesAndObjects\ClassesAndObjects\Debug\link.3012.write.1.tlog
D:\working\pluralsight\modern C++\4 - Operators\Demo\Begin\ClassesAndObjects\ClassesAndObjects\Debug\link.3012-cvtres.read.1.tlog
D:\working\pluralsight\modern C++\4 - Operators\Demo\Begin\ClassesAndObjects\ClassesAndObjects\Debug\link.3012-cvtres.write.1.tlog
D:\working\pluralsight\modern C++\4 - Operators\Demo\Begin\ClassesAndObjects\ClassesAndObjects\Debug\link.command.1.tlog
D:\working\pluralsight\modern C++\4 - Operators\Demo\Begin\ClassesAndObjects\ClassesAndObjects\Debug\link.read.1.tlog
D:\working\pluralsight\modern C++\4 - Operators\Demo\Begin\ClassesAndObjects\ClassesAndObjects\Debug\link.write.1.tlog
D:\working\pluralsight\modern C++\4 - Operators\Demo\Begin\ClassesAndObjects\ClassesAndObjects\Debug\link-cvtres.read.1.tlog
D:\working\pluralsight\modern C++\4 - Operators\Demo\Begin\ClassesAndObjects\ClassesAndObjects\Debug\link-cvtres.write.1.tlog
D:\working\pluralsight\modern C++\4 - Operators\Demo\Begin\ClassesAndObjects\ClassesAndObjects\Debug\mt.command.1.tlog
D:\working\pluralsight\modern C++\4 - Operators\Demo\Begin\ClassesAndObjects\ClassesAndObjects\Debug\mt.read.1.tlog
D:\working\pluralsight\modern C++\4 - Operators\Demo\Begin\ClassesAndObjects\ClassesAndObjects\Debug\mt.write.1.tlog
D:\working\pluralsight\modern C++\4 - Operators\Demo\Begin\ClassesAndObjects\ClassesAndObjects\Debug\Person.obj
D:\working\pluralsight\modern C++\4 - Operators\Demo\Begin\ClassesAndObjects\ClassesAndObjects\Debug\rc.command.1.tlog
D:\working\pluralsight\modern C++\4 - Operators\Demo\Begin\ClassesAndObjects\ClassesAndObjects\Debug\rc.read.1.tlog
D:\working\pluralsight\modern C++\4 - Operators\Demo\Begin\ClassesAndObjects\ClassesAndObjects\Debug\rc.write.1.tlog
D:\working\pluralsight\modern C++\4 - Operators\Demo\Begin\ClassesAndObjects\ClassesAndObjects\Debug\stdafx.obj
D:\working\pluralsight\modern C++\4 - Operators\Demo\Begin\ClassesAndObjects\ClassesAndObjects\Debug\Tweeter.obj
D:\working\pluralsight\modern C++\4 - Operators\Demo\Begin\ClassesAndObjects\ClassesAndObjects\Debug\vc100.idb
D:\working\pluralsight\modern C++\4 - Operators\Demo\Begin\ClassesAndObjects\ClassesAndObjects\Debug\vc100.pdb
D:\working\pluralsight\modern C++\4 - Operators\Demo\Begin\ClassesAndObjects\Debug\ClassesAndObjects.exe
D:\working\pluralsight\modern C++\4 - Operators\Demo\Begin\ClassesAndObjects\Debug\ClassesAndObjects.ilk
D:\working\pluralsight\modern C++\4 - Operators\Demo\Begin\ClassesAndObjects\Debug\ClassesAndObjects.pdb
