Build started 05/09/2011 11:06:21 AM.
     1>Project "D:\working\pluralsight\modern C++\4 - Operators\Demo\Begin\ClassesAndObjects\ClassesAndObjects\ClassesAndObjects.vcxproj" on node 2 (build target(s)).
     1>InitializeBuildStatus:
         Creating "Debug\ClassesAndObjects.unsuccessfulbuild" because "AlwaysCreate" was specified.
       ClCompile:
         All outputs are up-to-date.
         C:\Program Files (x86)\Microsoft Visual Studio 10.0\VC\bin\CL.exe /c /ZI /nologo /W3 /WX- /Od /Oy- /D WIN32 /D _DEBUG /D _CONSOLE /D _UNICODE /D UNICODE /Gm /EHsc /RTC1 /MDd /GS /fp:precise /Zc:wchar_t /Zc:forScope /Yu"StdAfx.h" /Fp"Debug\ClassesAndObjects.pch" /Fo"Debug\\" /Fd"Debug\vc100.pdb" /Gd /TP /analyze- /errorReport:prompt ClassesAndObjects.cpp Person.cpp
         Person.cpp
         Generating Code...
         Compiling...
         ClassesAndObjects.cpp
         Generating Code...
       ManifestResourceCompile:
         All outputs are up-to-date.
       Link:
         C:\Program Files (x86)\Microsoft Visual Studio 10.0\VC\bin\link.exe /ERRORREPORT:PROMPT /OUT:"D:\working\pluralsight\modern C++\4 - Operators\Demo\Begin\ClassesAndObjects\Debug\ClassesAndObjects.exe" /INCREMENTAL /NOLOGO kernel32.lib user32.lib gdi32.lib winspool.lib comdlg32.lib advapi32.lib shell32.lib ole32.lib oleaut32.lib uuid.lib odbc32.lib odbccp32.lib /MANIFEST /ManifestFile:"Debug\ClassesAndObjects.exe.intermediate.manifest" /MANIFESTUAC:"level='asInvoker' uiAccess='false'" /DEBUG /PDB:"D:\working\pluralsight\modern C++\4 - Operators\Demo\Begin\ClassesAndObjects\Debug\ClassesAndObjects.pdb" /SUBSYSTEM:CONSOLE /TLBID:1 /DYNAMICBASE /NXCOMPAT /IMPLIB:"D:\working\pluralsight\modern C++\4 - Operators\Demo\Begin\ClassesAndObjects\Debug\ClassesAndObjects.lib" /MACHINE:X86 Debug\ClassesAndObjects.exe.embed.manifest.res
         Debug\ClassesAndObjects.obj
         Debug\Person.obj
         Debug\stdafx.obj
       Manifest:
         C:\Program Files (x86)\Microsoft SDKs\Windows\v7.0A\bin\mt.exe /nologo /verbose /out:"Debug\ClassesAndObjects.exe.embed.manifest" /manifest Debug\ClassesAndObjects.exe.intermediate.manifest
         All outputs are up-to-date.
       LinkEmbedManifest:
         All outputs are up-to-date.
         ClassesAndObjects.vcxproj -> D:\working\pluralsight\modern C++\4 - Operators\Demo\Begin\ClassesAndObjects\Debug\ClassesAndObjects.exe
       FinalizeBuildStatus:
         Deleting file "Debug\ClassesAndObjects.unsuccessfulbuild".
         Touching "Debug\ClassesAndObjects.lastbuildstate".
     1>Done Building Project "D:\working\pluralsight\modern C++\4 - Operators\Demo\Begin\ClassesAndObjects\ClassesAndObjects\ClassesAndObjects.vcxproj" (build target(s)).

Build succeeded.

Time Elapsed 00:00:12.68
