D:\WORKING\PLURALSIGHT\MODERN C++\6A – POINTERS AND MEMORY MANAGEMENT\DEMO\BEGIN\CONST\CONST\DEBUG\CONST.EXE.EMBED.MANIFEST
D:\WORKING\PLURALSIGHT\MODERN C++\6A – POINTERS AND MEMORY MANAGEMENT\DEMO\BEGIN\CONST\CONST\DEBUG\CONST.EXE.EMBED.MANIFEST.RES
D:\WORKING\PLURALSIGHT\MODERN C++\6A – POINTERS AND MEMORY MANAGEMENT\DEMO\BEGIN\CONST\CONST\DEBUG\CONST.EXE.INTERMEDIATE.MANIFEST
D:\WORKING\PLURALSIGHT\MODERN C++\6A – POINTERS AND MEMORY MANAGEMENT\DEMO\BEGIN\CONST\CONST\DEBUG\CONST.OBJ
D:\WORKING\PLURALSIGHT\MODERN C++\6A – POINTERS AND MEMORY MANAGEMENT\DEMO\BEGIN\CONST\CONST\DEBUG\CONST.PCH
D:\WORKING\PLURALSIGHT\MODERN C++\6A – POINTERS AND MEMORY MANAGEMENT\DEMO\BEGIN\CONST\CONST\DEBUG\PERSON.OBJ
D:\WORKING\PLURALSIGHT\MODERN C++\6A – POINTERS AND MEMORY MANAGEMENT\DEMO\BEGIN\CONST\CONST\DEBUG\STDAFX.OBJ
D:\WORKING\PLURALSIGHT\MODERN C++\6A – POINTERS AND MEMORY MANAGEMENT\DEMO\BEGIN\CONST\CONST\DEBUG\VC100.PDB
D:\WORKING\PLURALSIGHT\MODERN C++\6A – POINTERS AND MEMORY MANAGEMENT\DEMO\BEGIN\CONST\DEBUG\CONST.EXE
D:\WORKING\PLURALSIGHT\MODERN C++\6A – POINTERS AND MEMORY MANAGEMENT\DEMO\BEGIN\CONST\DEBUG\CONST.ILK
D:\WORKING\PLURALSIGHT\MODERN C++\6A – POINTERS AND MEMORY MANAGEMENT\DEMO\BEGIN\CONST\DEBUG\CONST.PDB
D:\working\pluralsight\modern C++\6a – pointers and memory management\Demo\End\Const\Const\Debug\cl.command.1.tlog
D:\working\pluralsight\modern C++\6a – pointers and memory management\Demo\End\Const\Const\Debug\CL.read.1.tlog
D:\working\pluralsight\modern C++\6a – pointers and memory management\Demo\End\Const\Const\Debug\CL.write.1.tlog
D:\working\pluralsight\modern C++\6a – pointers and memory management\Demo\End\Const\Const\Debug\Const.exe.embed.manifest
D:\working\pluralsight\modern C++\6a – pointers and memory management\Demo\End\Const\Const\Debug\Const.exe.embed.manifest.res
D:\working\pluralsight\modern C++\6a – pointers and memory management\Demo\End\Const\Const\Debug\Const.exe.intermediate.manifest
D:\working\pluralsight\modern C++\6a – pointers and memory management\Demo\End\Const\Const\Debug\Const.obj
D:\working\pluralsight\modern C++\6a – pointers and memory management\Demo\End\Const\Const\Debug\Const.pch
D:\working\pluralsight\modern C++\6a – pointers and memory management\Demo\End\Const\Const\Debug\Const_manifest.rc
D:\working\pluralsight\modern C++\6a – pointers and memory management\Demo\End\Const\Const\Debug\link.2640.read.1.tlog
D:\working\pluralsight\modern C++\6a – pointers and memory management\Demo\End\Const\Const\Debug\link.2640.write.1.tlog
D:\working\pluralsight\modern C++\6a – pointers and memory management\Demo\End\Const\Const\Debug\link.2640-cvtres.read.1.tlog
D:\working\pluralsight\modern C++\6a – pointers and memory management\Demo\End\Const\Const\Debug\link.2640-cvtres.write.1.tlog
D:\working\pluralsight\modern C++\6a – pointers and memory management\Demo\End\Const\Const\Debug\link.command.1.tlog
D:\working\pluralsight\modern C++\6a – pointers and memory management\Demo\End\Const\Const\Debug\link.read.1.tlog
D:\working\pluralsight\modern C++\6a – pointers and memory management\Demo\End\Const\Const\Debug\link.write.1.tlog
D:\working\pluralsight\modern C++\6a – pointers and memory management\Demo\End\Const\Const\Debug\link-cvtres.read.1.tlog
D:\working\pluralsight\modern C++\6a – pointers and memory management\Demo\End\Const\Const\Debug\link-cvtres.write.1.tlog
D:\working\pluralsight\modern C++\6a – pointers and memory management\Demo\End\Const\Const\Debug\mt.command.1.tlog
D:\working\pluralsight\modern C++\6a – pointers and memory management\Demo\End\Const\Const\Debug\mt.read.1.tlog
D:\working\pluralsight\modern C++\6a – pointers and memory management\Demo\End\Const\Const\Debug\mt.write.1.tlog
D:\working\pluralsight\modern C++\6a – pointers and memory management\Demo\End\Const\Const\Debug\Person.obj
D:\working\pluralsight\modern C++\6a – pointers and memory management\Demo\End\Const\Const\Debug\rc.command.1.tlog
D:\working\pluralsight\modern C++\6a – pointers and memory management\Demo\End\Const\Const\Debug\rc.read.1.tlog
D:\working\pluralsight\modern C++\6a – pointers and memory management\Demo\End\Const\Const\Debug\rc.write.1.tlog
D:\working\pluralsight\modern C++\6a – pointers and memory management\Demo\End\Const\Const\Debug\stdafx.obj
D:\working\pluralsight\modern C++\6a – pointers and memory management\Demo\End\Const\Const\Debug\vc100.idb
D:\working\pluralsight\modern C++\6a – pointers and memory management\Demo\End\Const\Const\Debug\vc100.pdb
D:\working\pluralsight\modern C++\6a – pointers and memory management\Demo\End\Const\Debug\Const.exe
D:\working\pluralsight\modern C++\6a – pointers and memory management\Demo\End\Const\Debug\Const.ilk
D:\working\pluralsight\modern C++\6a – pointers and memory management\Demo\End\Const\Debug\Const.pdb
