D:\WORKING\PLURALSIGHT\MODERN C++\6A – POINTERS AND MEMORY MANAGEMENT\DEMO\BEGIN\FREESTORE\DEBUG\FREESTORE.EXE
D:\WORKING\PLURALSIGHT\MODERN C++\6A – POINTERS AND MEMORY MANAGEMENT\DEMO\BEGIN\FREESTORE\DEBUG\FREESTORE.ILK
D:\WORKING\PLURALSIGHT\MODERN C++\6A – POINTERS AND MEMORY MANAGEMENT\DEMO\BEGIN\FREESTORE\DEBUG\FREESTORE.PDB
D:\WORKING\PLURALSIGHT\MODERN C++\6A – POINTERS AND MEMORY MANAGEMENT\DEMO\BEGIN\FREESTORE\FREESTORE\DEBUG\FREESTORE.EXE.EMBED.MANIFEST
D:\WORKING\PLURALSIGHT\MODERN C++\6A – POINTERS AND MEMORY MANAGEMENT\DEMO\BEGIN\FREESTORE\FREESTORE\DEBUG\FREESTORE.EXE.EMBED.MANIFEST.RES
D:\WORKING\PLURALSIGHT\MODERN C++\6A – POINTERS AND MEMORY MANAGEMENT\DEMO\BEGIN\FREESTORE\FREESTORE\DEBUG\FREESTORE.EXE.INTERMEDIATE.MANIFEST
D:\WORKING\PLURALSIGHT\MODERN C++\6A – POINTERS AND MEMORY MANAGEMENT\DEMO\BEGIN\FREESTORE\FREESTORE\DEBUG\FREESTORE.OBJ
D:\WORKING\PLURALSIGHT\MODERN C++\6A – POINTERS AND MEMORY MANAGEMENT\DEMO\BEGIN\FREESTORE\FREESTORE\DEBUG\FREESTORE.PCH
D:\WORKING\PLURALSIGHT\MODERN C++\6A – POINTERS AND MEMORY MANAGEMENT\DEMO\BEGIN\FREESTORE\FREESTORE\DEBUG\RESOURCE.OBJ
D:\WORKING\PLURALSIGHT\MODERN C++\6A – POINTERS AND MEMORY MANAGEMENT\DEMO\BEGIN\FREESTORE\FREESTORE\DEBUG\STDAFX.OBJ
D:\WORKING\PLURALSIGHT\MODERN C++\6A – POINTERS AND MEMORY MANAGEMENT\DEMO\BEGIN\FREESTORE\FREESTORE\DEBUG\VC100.PDB
D:\working\pluralsight\modern C++\6a – pointers and memory management\Demo\End\FreeStore\Debug\FreeStore.exe
D:\working\pluralsight\modern C++\6a – pointers and memory management\Demo\End\FreeStore\Debug\FreeStore.ilk
D:\working\pluralsight\modern C++\6a – pointers and memory management\Demo\End\FreeStore\Debug\FreeStore.pdb
D:\working\pluralsight\modern C++\6a – pointers and memory management\Demo\End\FreeStore\FreeStore\Debug\cl.command.1.tlog
D:\working\pluralsight\modern C++\6a – pointers and memory management\Demo\End\FreeStore\FreeStore\Debug\CL.read.1.tlog
D:\working\pluralsight\modern C++\6a – pointers and memory management\Demo\End\FreeStore\FreeStore\Debug\CL.write.1.tlog
D:\working\pluralsight\modern C++\6a – pointers and memory management\Demo\End\FreeStore\FreeStore\Debug\FreeStore.exe.embed.manifest
D:\working\pluralsight\modern C++\6a – pointers and memory management\Demo\End\FreeStore\FreeStore\Debug\FreeStore.exe.embed.manifest.res
D:\working\pluralsight\modern C++\6a – pointers and memory management\Demo\End\FreeStore\FreeStore\Debug\FreeStore.exe.intermediate.manifest
D:\working\pluralsight\modern C++\6a – pointers and memory management\Demo\End\FreeStore\FreeStore\Debug\FreeStore.obj
D:\working\pluralsight\modern C++\6a – pointers and memory management\Demo\End\FreeStore\FreeStore\Debug\FreeStore.pch
D:\working\pluralsight\modern C++\6a – pointers and memory management\Demo\End\FreeStore\FreeStore\Debug\FreeStore_manifest.rc
D:\working\pluralsight\modern C++\6a – pointers and memory management\Demo\End\FreeStore\FreeStore\Debug\link.612.read.1.tlog
D:\working\pluralsight\modern C++\6a – pointers and memory management\Demo\End\FreeStore\FreeStore\Debug\link.612.write.1.tlog
D:\working\pluralsight\modern C++\6a – pointers and memory management\Demo\End\FreeStore\FreeStore\Debug\link.612-cvtres.read.1.tlog
D:\working\pluralsight\modern C++\6a – pointers and memory management\Demo\End\FreeStore\FreeStore\Debug\link.612-cvtres.write.1.tlog
D:\working\pluralsight\modern C++\6a – pointers and memory management\Demo\End\FreeStore\FreeStore\Debug\link.7248.read.1.tlog
D:\working\pluralsight\modern C++\6a – pointers and memory management\Demo\End\FreeStore\FreeStore\Debug\link.7248.write.1.tlog
D:\working\pluralsight\modern C++\6a – pointers and memory management\Demo\End\FreeStore\FreeStore\Debug\link.7248-cvtres.read.1.tlog
D:\working\pluralsight\modern C++\6a – pointers and memory management\Demo\End\FreeStore\FreeStore\Debug\link.7248-cvtres.write.1.tlog
D:\working\pluralsight\modern C++\6a – pointers and memory management\Demo\End\FreeStore\FreeStore\Debug\link.7576.read.1.tlog
D:\working\pluralsight\modern C++\6a – pointers and memory management\Demo\End\FreeStore\FreeStore\Debug\link.7576.write.1.tlog
D:\working\pluralsight\modern C++\6a – pointers and memory management\Demo\End\FreeStore\FreeStore\Debug\link.7576-cvtres.read.1.tlog
D:\working\pluralsight\modern C++\6a – pointers and memory management\Demo\End\FreeStore\FreeStore\Debug\link.7576-cvtres.write.1.tlog
D:\working\pluralsight\modern C++\6a – pointers and memory management\Demo\End\FreeStore\FreeStore\Debug\link.command.1.tlog
D:\working\pluralsight\modern C++\6a – pointers and memory management\Demo\End\FreeStore\FreeStore\Debug\link.read.1.tlog
D:\working\pluralsight\modern C++\6a – pointers and memory management\Demo\End\FreeStore\FreeStore\Debug\link.write.1.tlog
D:\working\pluralsight\modern C++\6a – pointers and memory management\Demo\End\FreeStore\FreeStore\Debug\link-cvtres.read.1.tlog
D:\working\pluralsight\modern C++\6a – pointers and memory management\Demo\End\FreeStore\FreeStore\Debug\link-cvtres.write.1.tlog
D:\working\pluralsight\modern C++\6a – pointers and memory management\Demo\End\FreeStore\FreeStore\Debug\mt.command.1.tlog
D:\working\pluralsight\modern C++\6a – pointers and memory management\Demo\End\FreeStore\FreeStore\Debug\mt.read.1.tlog
D:\working\pluralsight\modern C++\6a – pointers and memory management\Demo\End\FreeStore\FreeStore\Debug\mt.write.1.tlog
D:\working\pluralsight\modern C++\6a – pointers and memory management\Demo\End\FreeStore\FreeStore\Debug\rc.command.1.tlog
D:\working\pluralsight\modern C++\6a – pointers and memory management\Demo\End\FreeStore\FreeStore\Debug\rc.read.1.tlog
D:\working\pluralsight\modern C++\6a – pointers and memory management\Demo\End\FreeStore\FreeStore\Debug\rc.write.1.tlog
D:\working\pluralsight\modern C++\6a – pointers and memory management\Demo\End\FreeStore\FreeStore\Debug\Resource.obj
D:\working\pluralsight\modern C++\6a – pointers and memory management\Demo\End\FreeStore\FreeStore\Debug\stdafx.obj
D:\working\pluralsight\modern C++\6a – pointers and memory management\Demo\End\FreeStore\FreeStore\Debug\vc100.idb
D:\working\pluralsight\modern C++\6a – pointers and memory management\Demo\End\FreeStore\FreeStore\Debug\vc100.pdb
