D:\WORKING\PLURALSIGHT\MODERN C++\3 - FLOW OF CONTROL\DEMO\BEGIN\IIF\DEBUG\IIF.EXE
D:\WORKING\PLURALSIGHT\MODERN C++\3 - FLOW OF CONTROL\DEMO\BEGIN\IIF\DEBUG\IIF.ILK
D:\WORKING\PLURALSIGHT\MODERN C++\3 - FLOW OF CONTROL\DEMO\BEGIN\IIF\DEBUG\IIF.PDB
D:\WORKING\PLURALSIGHT\MODERN C++\3 - FLOW OF CONTROL\DEMO\BEGIN\IIF\IIF\DEBUG\IIF.EXE.EMBED.MANIFEST
D:\WORKING\PLURALSIGHT\MODERN C++\3 - FLOW OF CONTROL\DEMO\BEGIN\IIF\IIF\DEBUG\IIF.EXE.EMBED.MANIFEST.RES
D:\WORKING\PLURALSIGHT\MODERN C++\3 - FLOW OF CONTROL\DEMO\BEGIN\IIF\IIF\DEBUG\IIF.EXE.INTERMEDIATE.MANIFEST
D:\WORKING\PLURALSIGHT\MODERN C++\3 - FLOW OF CONTROL\DEMO\BEGIN\IIF\IIF\DEBUG\IIF.OBJ
D:\WORKING\PLURALSIGHT\MODERN C++\3 - FLOW OF CONTROL\DEMO\BEGIN\IIF\IIF\DEBUG\IIF.PCH
D:\WORKING\PLURALSIGHT\MODERN C++\3 - FLOW OF CONTROL\DEMO\BEGIN\IIF\IIF\DEBUG\STDAFX.OBJ
D:\WORKING\PLURALSIGHT\MODERN C++\3 - FLOW OF CONTROL\DEMO\BEGIN\IIF\IIF\DEBUG\VC100.PDB
D:\working\pluralsight\modern C++\3 - Flow of Control\Demo\End\IIF\Debug\IIF.exe
D:\working\pluralsight\modern C++\3 - Flow of Control\Demo\End\IIF\Debug\IIF.ilk
D:\working\pluralsight\modern C++\3 - Flow of Control\Demo\End\IIF\Debug\IIF.pdb
D:\working\pluralsight\modern C++\3 - Flow of Control\Demo\End\IIF\IIF\Debug\cl.command.1.tlog
D:\working\pluralsight\modern C++\3 - Flow of Control\Demo\End\IIF\IIF\Debug\CL.read.1.tlog
D:\working\pluralsight\modern C++\3 - Flow of Control\Demo\End\IIF\IIF\Debug\CL.write.1.tlog
D:\working\pluralsight\modern C++\3 - Flow of Control\Demo\End\IIF\IIF\Debug\IIF.exe.embed.manifest
D:\working\pluralsight\modern C++\3 - Flow of Control\Demo\End\IIF\IIF\Debug\IIF.exe.embed.manifest.res
D:\working\pluralsight\modern C++\3 - Flow of Control\Demo\End\IIF\IIF\Debug\IIF.exe.intermediate.manifest
D:\working\pluralsight\modern C++\3 - Flow of Control\Demo\End\IIF\IIF\Debug\IIF.obj
D:\working\pluralsight\modern C++\3 - Flow of Control\Demo\End\IIF\IIF\Debug\IIF.pch
D:\working\pluralsight\modern C++\3 - Flow of Control\Demo\End\IIF\IIF\Debug\IIF_manifest.rc
D:\working\pluralsight\modern C++\3 - Flow of Control\Demo\End\IIF\IIF\Debug\link.7548.read.1.tlog
D:\working\pluralsight\modern C++\3 - Flow of Control\Demo\End\IIF\IIF\Debug\link.7548.write.1.tlog
D:\working\pluralsight\modern C++\3 - Flow of Control\Demo\End\IIF\IIF\Debug\link.7548-cvtres.read.1.tlog
D:\working\pluralsight\modern C++\3 - Flow of Control\Demo\End\IIF\IIF\Debug\link.7548-cvtres.write.1.tlog
D:\working\pluralsight\modern C++\3 - Flow of Control\Demo\End\IIF\IIF\Debug\link.command.1.tlog
D:\working\pluralsight\modern C++\3 - Flow of Control\Demo\End\IIF\IIF\Debug\link.read.1.tlog
D:\working\pluralsight\modern C++\3 - Flow of Control\Demo\End\IIF\IIF\Debug\link.write.1.tlog
D:\working\pluralsight\modern C++\3 - Flow of Control\Demo\End\IIF\IIF\Debug\link-cvtres.read.1.tlog
D:\working\pluralsight\modern C++\3 - Flow of Control\Demo\End\IIF\IIF\Debug\link-cvtres.write.1.tlog
D:\working\pluralsight\modern C++\3 - Flow of Control\Demo\End\IIF\IIF\Debug\mt.command.1.tlog
D:\working\pluralsight\modern C++\3 - Flow of Control\Demo\End\IIF\IIF\Debug\mt.read.1.tlog
D:\working\pluralsight\modern C++\3 - Flow of Control\Demo\End\IIF\IIF\Debug\mt.write.1.tlog
D:\working\pluralsight\modern C++\3 - Flow of Control\Demo\End\IIF\IIF\Debug\rc.command.1.tlog
D:\working\pluralsight\modern C++\3 - Flow of Control\Demo\End\IIF\IIF\Debug\rc.read.1.tlog
D:\working\pluralsight\modern C++\3 - Flow of Control\Demo\End\IIF\IIF\Debug\rc.write.1.tlog
D:\working\pluralsight\modern C++\3 - Flow of Control\Demo\End\IIF\IIF\Debug\stdafx.obj
D:\working\pluralsight\modern C++\3 - Flow of Control\Demo\End\IIF\IIF\Debug\vc100.idb
D:\working\pluralsight\modern C++\3 - Flow of Control\Demo\End\IIF\IIF\Debug\vc100.pdb
