Build started 01/09/2011 8:35:24 PM.
     1>Project "C:\Users\kate\Documents\Visual Studio 2010\Projects\For\For\For.vcxproj" on node 2 (build target(s)).
     1>PrepareForBuild:
         Creating directory "C:\Users\kate\Documents\Visual Studio 2010\Projects\For\Debug\".
       InitializeBuildStatus:
         Creating "Debug\For.unsuccessfulbuild" because "AlwaysCreate" was specified.
       ClCompile:
         C:\Program Files (x86)\Microsoft Visual Studio 10.0\VC\bin\CL.exe /c /ZI /nologo /W3 /WX- /Od /Oy- /D WIN32 /D _DEBUG /D _CONSOLE /D _UNICODE /D UNICODE /Gm /EHsc /RTC1 /MDd /GS /fp:precise /Zc:wchar_t /Zc:forScope /Yc"StdAfx.h" /Fp"Debug\For.pch" /Fo"Debug\\" /Fd"Debug\vc100.pdb" /Gd /TP /analyze- /errorReport:prompt stdafx.cpp
         stdafx.cpp
         C:\Program Files (x86)\Microsoft Visual Studio 10.0\VC\bin\CL.exe /c /ZI /nologo /W3 /WX- /Od /Oy- /D WIN32 /D _DEBUG /D _CONSOLE /D _UNICODE /D UNICODE /Gm /EHsc /RTC1 /MDd /GS /fp:precise /Zc:wchar_t /Zc:forScope /Yu"StdAfx.h" /Fp"Debug\For.pch" /Fo"Debug\\" /Fd"Debug\vc100.pdb" /Gd /TP /analyze- /errorReport:prompt For.cpp
         For.cpp
       ManifestResourceCompile:
         C:\Program Files (x86)\Microsoft SDKs\Windows\v7.0A\bin\rc.exe /nologo /fo"Debug\For.exe.embed.manifest.res" Debug\For_manifest.rc 
       Link:
         C:\Program Files (x86)\Microsoft Visual Studio 10.0\VC\bin\link.exe /ERRORREPORT:PROMPT /OUT:"C:\Users\kate\Documents\Visual Studio 2010\Projects\For\Debug\For.exe" /INCREMENTAL /NOLOGO kernel32.lib user32.lib gdi32.lib winspool.lib comdlg32.lib advapi32.lib shell32.lib ole32.lib oleaut32.lib uuid.lib odbc32.lib odbccp32.lib /MANIFEST /ManifestFile:"Debug\For.exe.intermediate.manifest" /MANIFESTUAC:"level='asInvoker' uiAccess='false'" /DEBUG /PDB:"C:\Users\kate\Documents\Visual Studio 2010\Projects\For\Debug\For.pdb" /SUBSYSTEM:CONSOLE /TLBID:1 /DYNAMICBASE /NXCOMPAT /IMPLIB:"C:\Users\kate\Documents\Visual Studio 2010\Projects\For\Debug\For.lib" /MACHINE:X86 Debug\For.exe.embed.manifest.res
         Debug\For.obj
         Debug\stdafx.obj
       Manifest:
         C:\Program Files (x86)\Microsoft SDKs\Windows\v7.0A\bin\mt.exe /nologo /verbose /out:"Debug\For.exe.embed.manifest" /manifest Debug\For.exe.intermediate.manifest
         C:\Program Files (x86)\Microsoft SDKs\Windows\v7.0A\bin\rc.exe /nologo /fo"Debug\For.exe.embed.manifest.res" Debug\For_manifest.rc 
       LinkEmbedManifest:
         C:\Program Files (x86)\Microsoft Visual Studio 10.0\VC\bin\link.exe /ERRORREPORT:PROMPT /OUT:"C:\Users\kate\Documents\Visual Studio 2010\Projects\For\Debug\For.exe" /INCREMENTAL /NOLOGO kernel32.lib user32.lib gdi32.lib winspool.lib comdlg32.lib advapi32.lib shell32.lib ole32.lib oleaut32.lib uuid.lib odbc32.lib odbccp32.lib /MANIFEST /ManifestFile:"Debug\For.exe.intermediate.manifest" /MANIFESTUAC:"level='asInvoker' uiAccess='false'" /DEBUG /PDB:"C:\Users\kate\Documents\Visual Studio 2010\Projects\For\Debug\For.pdb" /SUBSYSTEM:CONSOLE /TLBID:1 /DYNAMICBASE /NXCOMPAT /IMPLIB:"C:\Users\kate\Documents\Visual Studio 2010\Projects\For\Debug\For.lib" /MACHINE:X86 Debug\For.exe.embed.manifest.res
         Debug\For.obj
         Debug\stdafx.obj
         For.vcxproj -> C:\Users\kate\Documents\Visual Studio 2010\Projects\For\Debug\For.exe
       FinalizeBuildStatus:
         Deleting file "Debug\For.unsuccessfulbuild".
         Touching "Debug\For.lastbuildstate".
     1>Done Building Project "C:\Users\kate\Documents\Visual Studio 2010\Projects\For\For\For.vcxproj" (build target(s)).

Build succeeded.

Time Elapsed 00:00:11.52
