Build started 08/09/2011 11:46:26 PM.
     1>Project "D:\working\pluralsight\modern C++\6b – pointers and inheritance\Demo\Begin\Casting\Casting\Casting.vcxproj" on node 2 (build target(s)).
     1>InitializeBuildStatus:
         Creating "Debug\Casting.unsuccessfulbuild" because "AlwaysCreate" was specified.
       ClCompile:
         All outputs are up-to-date.
         C:\Program Files (x86)\Microsoft Visual Studio 10.0\VC\bin\CL.exe /c /ZI /nologo /W3 /WX- /Od /Oy- /D WIN32 /D _DEBUG /D _CONSOLE /D _UNICODE /D UNICODE /Gm /EHsc /RTC1 /MDd /GS /fp:precise /Zc:wchar_t /Zc:forScope /Yu"StdAfx.h" /Fp"Debug\Casting.pch" /Fo"Debug\\" /Fd"Debug\vc100.pdb" /Gd /TP /analyze- /errorReport:prompt Casting.cpp
         Casting.cpp
       ManifestResourceCompile:
         All outputs are up-to-date.
       Link:
         C:\Program Files (x86)\Microsoft Visual Studio 10.0\VC\bin\link.exe /ERRORREPORT:PROMPT /OUT:"D:\working\pluralsight\modern C++\6b – pointers and inheritance\Demo\Begin\Casting\Debug\Casting.exe" /INCREMENTAL /NOLOGO kernel32.lib user32.lib gdi32.lib winspool.lib comdlg32.lib advapi32.lib shell32.lib ole32.lib oleaut32.lib uuid.lib odbc32.lib odbccp32.lib /MANIFEST /ManifestFile:"Debug\Casting.exe.intermediate.manifest" /MANIFESTUAC:"level='asInvoker' uiAccess='false'" /DEBUG /PDB:"D:\working\pluralsight\modern C++\6b – pointers and inheritance\Demo\Begin\Casting\Debug\Casting.pdb" /SUBSYSTEM:CONSOLE /TLBID:1 /DYNAMICBASE /NXCOMPAT /IMPLIB:"D:\working\pluralsight\modern C++\6b – pointers and inheritance\Demo\Begin\Casting\Debug\Casting.lib" /MACHINE:X86 Debug\Casting.exe.embed.manifest.res
         Debug\Casting.obj
         Debug\Person.obj
         Debug\Resource.obj
         Debug\stdafx.obj
         Debug\Tweeter.obj
       Manifest:
         C:\Program Files (x86)\Microsoft SDKs\Windows\v7.0A\bin\mt.exe /nologo /verbose /out:"Debug\Casting.exe.embed.manifest" /manifest Debug\Casting.exe.intermediate.manifest
         All outputs are up-to-date.
       LinkEmbedManifest:
         All outputs are up-to-date.
         Casting.vcxproj -> D:\working\pluralsight\modern C++\6b – pointers and inheritance\Demo\Begin\Casting\Debug\Casting.exe
       FinalizeBuildStatus:
         Deleting file "Debug\Casting.unsuccessfulbuild".
         Touching "Debug\Casting.lastbuildstate".
     1>Done Building Project "D:\working\pluralsight\modern C++\6b – pointers and inheritance\Demo\Begin\Casting\Casting\Casting.vcxproj" (build target(s)).

Build succeeded.

Time Elapsed 00:00:04.15
