D:\WORKING\PLURALSIGHT\MODERN C++\4 - OPERATORS\DEMO\BEGIN\CLASSESANDOBJECTS\CLASSESANDOBJECTS\DEBUG\CLASSESANDOBJECTS.EXE.EMBED.MANIFEST
D:\WORKING\PLURALSIGHT\MODERN C++\4 - OPERATORS\DEMO\BEGIN\CLASSESANDOBJECTS\CLASSESANDOBJECTS\DEBUG\CLASSESANDOBJECTS.EXE.EMBED.MANIFEST.RES
D:\WORKING\PLURALSIGHT\MODERN C++\4 - OPERATORS\DEMO\BEGIN\CLASSESANDOBJECTS\CLASSESANDOBJECTS\DEBUG\CLASSESANDOBJECTS.EXE.INTERMEDIATE.MANIFEST
D:\WORKING\PLURALSIGHT\MODERN C++\4 - OPERATORS\DEMO\BEGIN\CLASSESANDOBJECTS\CLASSESANDOBJECTS\DEBUG\CLASSESANDOBJECTS.OBJ
D:\WORKING\PLURALSIGHT\MODERN C++\4 - OPERATORS\DEMO\BEGIN\CLASSESANDOBJECTS\CLASSESANDOBJECTS\DEBUG\CLASSESANDOBJECTS.PCH
D:\WORKING\PLURALSIGHT\MODERN C++\4 - OPERATORS\DEMO\BEGIN\CLASSESANDOBJECTS\CLASSESANDOBJECTS\DEBUG\PERSON.OBJ
D:\WORKING\PLURALSIGHT\MODERN C++\4 - OPERATORS\DEMO\BEGIN\CLASSESANDOBJECTS\CLASSESANDOBJECTS\DEBUG\STDAFX.OBJ
D:\WORKING\PLURALSIGHT\MODERN C++\4 - OPERATORS\DEMO\BEGIN\CLASSESANDOBJECTS\CLASSESANDOBJECTS\DEBUG\TWEETER.OBJ
D:\WORKING\PLURALSIGHT\MODERN C++\4 - OPERATORS\DEMO\BEGIN\CLASSESANDOBJECTS\CLASSESANDOBJECTS\DEBUG\VC100.PDB
D:\WORKING\PLURALSIGHT\MODERN C++\4 - OPERATORS\DEMO\BEGIN\CLASSESANDOBJECTS\DEBUG\CLASSESANDOBJECTS.EXE
D:\WORKING\PLURALSIGHT\MODERN C++\4 - OPERATORS\DEMO\BEGIN\CLASSESANDOBJECTS\DEBUG\CLASSESANDOBJECTS.ILK
D:\WORKING\PLURALSIGHT\MODERN C++\4 - OPERATORS\DEMO\BEGIN\CLASSESANDOBJECTS\DEBUG\CLASSESANDOBJECTS.PDB
D:\working\pluralsight\modern C++\4 - Operators\Demo\End\ClassesAndObjects\ClassesAndObjects\Debug\cl.command.1.tlog
D:\working\pluralsight\modern C++\4 - Operators\Demo\End\ClassesAndObjects\ClassesAndObjects\Debug\CL.read.1.tlog
D:\working\pluralsight\modern C++\4 - Operators\Demo\End\ClassesAndObjects\ClassesAndObjects\Debug\CL.write.1.tlog
D:\working\pluralsight\modern C++\4 - Operators\Demo\End\ClassesAndObjects\ClassesAndObjects\Debug\ClassesAndObjects.exe.embed.manifest
D:\working\pluralsight\modern C++\4 - Operators\Demo\End\ClassesAndObjects\ClassesAndObjects\Debug\ClassesAndObjects.exe.embed.manifest.res
D:\working\pluralsight\modern C++\4 - Operators\Demo\End\ClassesAndObjects\ClassesAndObjects\Debug\ClassesAndObjects.exe.intermediate.manifest
D:\working\pluralsight\modern C++\4 - Operators\Demo\End\ClassesAndObjects\ClassesAndObjects\Debug\ClassesAndObjects.obj
D:\working\pluralsight\modern C++\4 - Operators\Demo\End\ClassesAndObjects\ClassesAndObjects\Debug\ClassesAndObjects.pch
D:\working\pluralsight\modern C++\4 - Operators\Demo\End\ClassesAndObjects\ClassesAndObjects\Debug\ClassesAndObjects_manifest.rc
D:\working\pluralsight\modern C++\4 - Operators\Demo\End\ClassesAndObjects\ClassesAndObjects\Debug\link.11564.read.1.tlog
D:\working\pluralsight\modern C++\4 - Operators\Demo\End\ClassesAndObjects\ClassesAndObjects\Debug\link.11564.write.1.tlog
D:\working\pluralsight\modern C++\4 - Operators\Demo\End\ClassesAndObjects\ClassesAndObjects\Debug\link.11564-cvtres.read.1.tlog
D:\working\pluralsight\modern C++\4 - Operators\Demo\End\ClassesAndObjects\ClassesAndObjects\Debug\link.11564-cvtres.write.1.tlog
D:\working\pluralsight\modern C++\4 - Operators\Demo\End\ClassesAndObjects\ClassesAndObjects\Debug\link.4124.read.1.tlog
D:\working\pluralsight\modern C++\4 - Operators\Demo\End\ClassesAndObjects\ClassesAndObjects\Debug\link.4124.write.1.tlog
D:\working\pluralsight\modern C++\4 - Operators\Demo\End\ClassesAndObjects\ClassesAndObjects\Debug\link.4124-cvtres.read.1.tlog
D:\working\pluralsight\modern C++\4 - Operators\Demo\End\ClassesAndObjects\ClassesAndObjects\Debug\link.4124-cvtres.write.1.tlog
D:\working\pluralsight\modern C++\4 - Operators\Demo\End\ClassesAndObjects\ClassesAndObjects\Debug\link.command.1.tlog
D:\working\pluralsight\modern C++\4 - Operators\Demo\End\ClassesAndObjects\ClassesAndObjects\Debug\link.read.1.tlog
D:\working\pluralsight\modern C++\4 - Operators\Demo\End\ClassesAndObjects\ClassesAndObjects\Debug\link.write.1.tlog
D:\working\pluralsight\modern C++\4 - Operators\Demo\End\ClassesAndObjects\ClassesAndObjects\Debug\link-cvtres.read.1.tlog
D:\working\pluralsight\modern C++\4 - Operators\Demo\End\ClassesAndObjects\ClassesAndObjects\Debug\link-cvtres.write.1.tlog
D:\working\pluralsight\modern C++\4 - Operators\Demo\End\ClassesAndObjects\ClassesAndObjects\Debug\mt.command.1.tlog
D:\working\pluralsight\modern C++\4 - Operators\Demo\End\ClassesAndObjects\ClassesAndObjects\Debug\mt.read.1.tlog
D:\working\pluralsight\modern C++\4 - Operators\Demo\End\ClassesAndObjects\ClassesAndObjects\Debug\mt.write.1.tlog
D:\working\pluralsight\modern C++\4 - Operators\Demo\End\ClassesAndObjects\ClassesAndObjects\Debug\Person.obj
D:\working\pluralsight\modern C++\4 - Operators\Demo\End\ClassesAndObjects\ClassesAndObjects\Debug\rc.command.1.tlog
D:\working\pluralsight\modern C++\4 - Operators\Demo\End\ClassesAndObjects\ClassesAndObjects\Debug\rc.read.1.tlog
D:\working\pluralsight\modern C++\4 - Operators\Demo\End\ClassesAndObjects\ClassesAndObjects\Debug\rc.write.1.tlog
D:\working\pluralsight\modern C++\4 - Operators\Demo\End\ClassesAndObjects\ClassesAndObjects\Debug\stdafx.obj
D:\working\pluralsight\modern C++\4 - Operators\Demo\End\ClassesAndObjects\ClassesAndObjects\Debug\Tweeter.obj
D:\working\pluralsight\modern C++\4 - Operators\Demo\End\ClassesAndObjects\ClassesAndObjects\Debug\vc100.idb
D:\working\pluralsight\modern C++\4 - Operators\Demo\End\ClassesAndObjects\ClassesAndObjects\Debug\vc100.pdb
D:\working\pluralsight\modern C++\4 - Operators\Demo\End\ClassesAndObjects\Debug\ClassesAndObjects.exe
D:\working\pluralsight\modern C++\4 - Operators\Demo\End\ClassesAndObjects\Debug\ClassesAndObjects.ilk
D:\working\pluralsight\modern C++\4 - Operators\Demo\End\ClassesAndObjects\Debug\ClassesAndObjects.pdb
