C:\USERS\KATE\DOCUMENTS\VISUAL STUDIO 2010\PROJECTS\CLASSESANDOBJECTS\CLASSESANDOBJECTS\DEBUG\CLASSESANDOBJECTS.EXE.EMBED.MANIFEST
C:\USERS\KATE\DOCUMENTS\VISUAL STUDIO 2010\PROJECTS\CLASSESANDOBJECTS\CLASSESANDOBJECTS\DEBUG\CLASSESANDOBJECTS.EXE.EMBED.MANIFEST.RES
C:\USERS\KATE\DOCUMENTS\VISUAL STUDIO 2010\PROJECTS\CLASSESANDOBJECTS\CLASSESANDOBJECTS\DEBUG\CLASSESANDOBJECTS.EXE.INTERMEDIATE.MANIFEST
C:\USERS\KATE\DOCUMENTS\VISUAL STUDIO 2010\PROJECTS\CLASSESANDOBJECTS\CLASSESANDOBJECTS\DEBUG\CLASSESANDOBJECTS.OBJ
C:\USERS\KATE\DOCUMENTS\VISUAL STUDIO 2010\PROJECTS\CLASSESANDOBJECTS\CLASSESANDOBJECTS\DEBUG\CLASSESANDOBJECTS.PCH
C:\USERS\KATE\DOCUMENTS\VISUAL STUDIO 2010\PROJECTS\CLASSESANDOBJECTS\CLASSESANDOBJECTS\DEBUG\PERSON.OBJ
C:\USERS\KATE\DOCUMENTS\VISUAL STUDIO 2010\PROJECTS\CLASSESANDOBJECTS\CLASSESANDOBJECTS\DEBUG\STDAFX.OBJ
C:\USERS\KATE\DOCUMENTS\VISUAL STUDIO 2010\PROJECTS\CLASSESANDOBJECTS\CLASSESANDOBJECTS\DEBUG\TWEETER.OBJ
C:\USERS\KATE\DOCUMENTS\VISUAL STUDIO 2010\PROJECTS\CLASSESANDOBJECTS\CLASSESANDOBJECTS\DEBUG\VC100.PDB
C:\USERS\KATE\DOCUMENTS\VISUAL STUDIO 2010\PROJECTS\CLASSESANDOBJECTS\DEBUG\CLASSESANDOBJECTS.EXE
C:\USERS\KATE\DOCUMENTS\VISUAL STUDIO 2010\PROJECTS\CLASSESANDOBJECTS\DEBUG\CLASSESANDOBJECTS.ILK
C:\USERS\KATE\DOCUMENTS\VISUAL STUDIO 2010\PROJECTS\CLASSESANDOBJECTS\DEBUG\CLASSESANDOBJECTS.PDB
D:\WORKING\PLURALSIGHT\MODERN C++\3 - FLOW OF CONTROL\DEMO\BEGIN\CLASSESANDOBJECTS\CLASSESANDOBJECTS\DEBUG\CLASSESANDOBJECTS.EXE.EMBED.MANIFEST.RES
D:\WORKING\PLURALSIGHT\MODERN C++\3 - FLOW OF CONTROL\DEMO\BEGIN\CLASSESANDOBJECTS\CLASSESANDOBJECTS\DEBUG\CLASSESANDOBJECTS.EXE.INTERMEDIATE.MANIFEST
D:\WORKING\PLURALSIGHT\MODERN C++\3 - FLOW OF CONTROL\DEMO\BEGIN\CLASSESANDOBJECTS\CLASSESANDOBJECTS\DEBUG\CLASSESANDOBJECTS.OBJ
D:\WORKING\PLURALSIGHT\MODERN C++\3 - FLOW OF CONTROL\DEMO\BEGIN\CLASSESANDOBJECTS\CLASSESANDOBJECTS\DEBUG\CLASSESANDOBJECTS.PCH
D:\WORKING\PLURALSIGHT\MODERN C++\3 - FLOW OF CONTROL\DEMO\BEGIN\CLASSESANDOBJECTS\CLASSESANDOBJECTS\DEBUG\PERSON.OBJ
D:\WORKING\PLURALSIGHT\MODERN C++\3 - FLOW OF CONTROL\DEMO\BEGIN\CLASSESANDOBJECTS\CLASSESANDOBJECTS\DEBUG\STDAFX.OBJ
D:\WORKING\PLURALSIGHT\MODERN C++\3 - FLOW OF CONTROL\DEMO\BEGIN\CLASSESANDOBJECTS\CLASSESANDOBJECTS\DEBUG\TWEETER.OBJ
D:\WORKING\PLURALSIGHT\MODERN C++\3 - FLOW OF CONTROL\DEMO\BEGIN\CLASSESANDOBJECTS\CLASSESANDOBJECTS\DEBUG\VC100.PDB
D:\WORKING\PLURALSIGHT\MODERN C++\3 - FLOW OF CONTROL\DEMO\BEGIN\CLASSESANDOBJECTS\DEBUG\CLASSESANDOBJECTS.EXE
D:\WORKING\PLURALSIGHT\MODERN C++\3 - FLOW OF CONTROL\DEMO\BEGIN\CLASSESANDOBJECTS\DEBUG\CLASSESANDOBJECTS.ILK
D:\WORKING\PLURALSIGHT\MODERN C++\3 - FLOW OF CONTROL\DEMO\BEGIN\CLASSESANDOBJECTS\DEBUG\CLASSESANDOBJECTS.PDB
D:\working\pluralsight\modern C++\3 - Flow of Control\Demo\End\ClassesAndObjects\ClassesAndObjects\Debug\cl.command.1.tlog
D:\working\pluralsight\modern C++\3 - Flow of Control\Demo\End\ClassesAndObjects\ClassesAndObjects\Debug\CL.read.1.tlog
D:\working\pluralsight\modern C++\3 - Flow of Control\Demo\End\ClassesAndObjects\ClassesAndObjects\Debug\CL.write.1.tlog
D:\working\pluralsight\modern C++\3 - Flow of Control\Demo\End\ClassesAndObjects\ClassesAndObjects\Debug\ClassesAndObjects.exe.embed.manifest
D:\working\pluralsight\modern C++\3 - Flow of Control\Demo\End\ClassesAndObjects\ClassesAndObjects\Debug\ClassesAndObjects.exe.embed.manifest.res
D:\working\pluralsight\modern C++\3 - Flow of Control\Demo\End\ClassesAndObjects\ClassesAndObjects\Debug\ClassesAndObjects.exe.intermediate.manifest
D:\working\pluralsight\modern C++\3 - Flow of Control\Demo\End\ClassesAndObjects\ClassesAndObjects\Debug\ClassesAndObjects.obj
D:\working\pluralsight\modern C++\3 - Flow of Control\Demo\End\ClassesAndObjects\ClassesAndObjects\Debug\ClassesAndObjects.pch
D:\working\pluralsight\modern C++\3 - Flow of Control\Demo\End\ClassesAndObjects\ClassesAndObjects\Debug\ClassesAndObjects_manifest.rc
D:\working\pluralsight\modern C++\3 - Flow of Control\Demo\End\ClassesAndObjects\ClassesAndObjects\Debug\link.10492.read.1.tlog
D:\working\pluralsight\modern C++\3 - Flow of Control\Demo\End\ClassesAndObjects\ClassesAndObjects\Debug\link.10492.write.1.tlog
D:\working\pluralsight\modern C++\3 - Flow of Control\Demo\End\ClassesAndObjects\ClassesAndObjects\Debug\link.10492-cvtres.read.1.tlog
D:\working\pluralsight\modern C++\3 - Flow of Control\Demo\End\ClassesAndObjects\ClassesAndObjects\Debug\link.10492-cvtres.write.1.tlog
D:\working\pluralsight\modern C++\3 - Flow of Control\Demo\End\ClassesAndObjects\ClassesAndObjects\Debug\link.11088.read.1.tlog
D:\working\pluralsight\modern C++\3 - Flow of Control\Demo\End\ClassesAndObjects\ClassesAndObjects\Debug\link.11088.write.1.tlog
D:\working\pluralsight\modern C++\3 - Flow of Control\Demo\End\ClassesAndObjects\ClassesAndObjects\Debug\link.11088-cvtres.read.1.tlog
D:\working\pluralsight\modern C++\3 - Flow of Control\Demo\End\ClassesAndObjects\ClassesAndObjects\Debug\link.11088-cvtres.write.1.tlog
D:\working\pluralsight\modern C++\3 - Flow of Control\Demo\End\ClassesAndObjects\ClassesAndObjects\Debug\link.3988.read.1.tlog
D:\working\pluralsight\modern C++\3 - Flow of Control\Demo\End\ClassesAndObjects\ClassesAndObjects\Debug\link.3988.write.1.tlog
D:\working\pluralsight\modern C++\3 - Flow of Control\Demo\End\ClassesAndObjects\ClassesAndObjects\Debug\link.3988-cvtres.read.1.tlog
D:\working\pluralsight\modern C++\3 - Flow of Control\Demo\End\ClassesAndObjects\ClassesAndObjects\Debug\link.3988-cvtres.write.1.tlog
D:\working\pluralsight\modern C++\3 - Flow of Control\Demo\End\ClassesAndObjects\ClassesAndObjects\Debug\link.7060.read.1.tlog
D:\working\pluralsight\modern C++\3 - Flow of Control\Demo\End\ClassesAndObjects\ClassesAndObjects\Debug\link.7060.write.1.tlog
D:\working\pluralsight\modern C++\3 - Flow of Control\Demo\End\ClassesAndObjects\ClassesAndObjects\Debug\link.7060-cvtres.read.1.tlog
D:\working\pluralsight\modern C++\3 - Flow of Control\Demo\End\ClassesAndObjects\ClassesAndObjects\Debug\link.7060-cvtres.write.1.tlog
D:\working\pluralsight\modern C++\3 - Flow of Control\Demo\End\ClassesAndObjects\ClassesAndObjects\Debug\link.command.1.tlog
D:\working\pluralsight\modern C++\3 - Flow of Control\Demo\End\ClassesAndObjects\ClassesAndObjects\Debug\link.read.1.tlog
D:\working\pluralsight\modern C++\3 - Flow of Control\Demo\End\ClassesAndObjects\ClassesAndObjects\Debug\link.write.1.tlog
D:\working\pluralsight\modern C++\3 - Flow of Control\Demo\End\ClassesAndObjects\ClassesAndObjects\Debug\link-cvtres.read.1.tlog
D:\working\pluralsight\modern C++\3 - Flow of Control\Demo\End\ClassesAndObjects\ClassesAndObjects\Debug\link-cvtres.write.1.tlog
D:\working\pluralsight\modern C++\3 - Flow of Control\Demo\End\ClassesAndObjects\ClassesAndObjects\Debug\mt.command.1.tlog
D:\working\pluralsight\modern C++\3 - Flow of Control\Demo\End\ClassesAndObjects\ClassesAndObjects\Debug\mt.read.1.tlog
D:\working\pluralsight\modern C++\3 - Flow of Control\Demo\End\ClassesAndObjects\ClassesAndObjects\Debug\mt.write.1.tlog
D:\working\pluralsight\modern C++\3 - Flow of Control\Demo\End\ClassesAndObjects\ClassesAndObjects\Debug\Person.obj
D:\working\pluralsight\modern C++\3 - Flow of Control\Demo\End\ClassesAndObjects\ClassesAndObjects\Debug\rc.command.1.tlog
D:\working\pluralsight\modern C++\3 - Flow of Control\Demo\End\ClassesAndObjects\ClassesAndObjects\Debug\rc.read.1.tlog
D:\working\pluralsight\modern C++\3 - Flow of Control\Demo\End\ClassesAndObjects\ClassesAndObjects\Debug\rc.write.1.tlog
D:\working\pluralsight\modern C++\3 - Flow of Control\Demo\End\ClassesAndObjects\ClassesAndObjects\Debug\stdafx.obj
D:\working\pluralsight\modern C++\3 - Flow of Control\Demo\End\ClassesAndObjects\ClassesAndObjects\Debug\Tweeter.obj
D:\working\pluralsight\modern C++\3 - Flow of Control\Demo\End\ClassesAndObjects\ClassesAndObjects\Debug\vc100.idb
D:\working\pluralsight\modern C++\3 - Flow of Control\Demo\End\ClassesAndObjects\ClassesAndObjects\Debug\vc100.pdb
D:\working\pluralsight\modern C++\3 - Flow of Control\Demo\End\ClassesAndObjects\Debug\ClassesAndObjects.exe
D:\working\pluralsight\modern C++\3 - Flow of Control\Demo\End\ClassesAndObjects\Debug\ClassesAndObjects.ilk
D:\working\pluralsight\modern C++\3 - Flow of Control\Demo\End\ClassesAndObjects\Debug\ClassesAndObjects.pdb
