D:\WORKING\PLURALSIGHT\MODERN C++\5 - TEMPLATES\DEMO\BEGIN\ACCUMULATOR\ACCUMULATOR\DEBUG\ACCUM.OBJ
D:\WORKING\PLURALSIGHT\MODERN C++\5 - TEMPLATES\DEMO\BEGIN\ACCUMULATOR\ACCUMULATOR\DEBUG\ACCUMULATOR.EXE.EMBED.MANIFEST
D:\WORKING\PLURALSIGHT\MODERN C++\5 - TEMPLATES\DEMO\BEGIN\ACCUMULATOR\ACCUMULATOR\DEBUG\ACCUMULATOR.EXE.EMBED.MANIFEST.RES
D:\WORKING\PLURALSIGHT\MODERN C++\5 - TEMPLATES\DEMO\BEGIN\ACCUMULATOR\ACCUMULATOR\DEBUG\ACCUMULATOR.EXE.INTERMEDIATE.MANIFEST
D:\WORKING\PLURALSIGHT\MODERN C++\5 - TEMPLATES\DEMO\BEGIN\ACCUMULATOR\ACCUMULATOR\DEBUG\ACCUMULATOR.OBJ
D:\WORKING\PLURALSIGHT\MODERN C++\5 - TEMPLATES\DEMO\BEGIN\ACCUMULATOR\ACCUMULATOR\DEBUG\ACCUMULATOR.PCH
D:\WORKING\PLURALSIGHT\MODERN C++\5 - TEMPLATES\DEMO\BEGIN\ACCUMULATOR\ACCUMULATOR\DEBUG\PERSON.OBJ
D:\WORKING\PLURALSIGHT\MODERN C++\5 - TEMPLATES\DEMO\BEGIN\ACCUMULATOR\ACCUMULATOR\DEBUG\STDAFX.OBJ
D:\WORKING\PLURALSIGHT\MODERN C++\5 - TEMPLATES\DEMO\BEGIN\ACCUMULATOR\ACCUMULATOR\DEBUG\VC100.PDB
D:\WORKING\PLURALSIGHT\MODERN C++\5 - TEMPLATES\DEMO\BEGIN\ACCUMULATOR\DEBUG\ACCUMULATOR.EXE
D:\WORKING\PLURALSIGHT\MODERN C++\5 - TEMPLATES\DEMO\BEGIN\ACCUMULATOR\DEBUG\ACCUMULATOR.ILK
D:\WORKING\PLURALSIGHT\MODERN C++\5 - TEMPLATES\DEMO\BEGIN\ACCUMULATOR\DEBUG\ACCUMULATOR.PDB
D:\working\pluralsight\modern C++\5 - Templates\Demo\End\Accumulator\Accumulator\Debug\Accum.obj
D:\working\pluralsight\modern C++\5 - Templates\Demo\End\Accumulator\Accumulator\Debug\Accumulator.exe.embed.manifest
D:\working\pluralsight\modern C++\5 - Templates\Demo\End\Accumulator\Accumulator\Debug\Accumulator.exe.embed.manifest.res
D:\working\pluralsight\modern C++\5 - Templates\Demo\End\Accumulator\Accumulator\Debug\Accumulator.exe.intermediate.manifest
D:\working\pluralsight\modern C++\5 - Templates\Demo\End\Accumulator\Accumulator\Debug\Accumulator.obj
D:\working\pluralsight\modern C++\5 - Templates\Demo\End\Accumulator\Accumulator\Debug\Accumulator.pch
D:\working\pluralsight\modern C++\5 - Templates\Demo\End\Accumulator\Accumulator\Debug\Accumulator_manifest.rc
D:\working\pluralsight\modern C++\5 - Templates\Demo\End\Accumulator\Accumulator\Debug\cl.command.1.tlog
D:\working\pluralsight\modern C++\5 - Templates\Demo\End\Accumulator\Accumulator\Debug\CL.read.1.tlog
D:\working\pluralsight\modern C++\5 - Templates\Demo\End\Accumulator\Accumulator\Debug\CL.write.1.tlog
D:\working\pluralsight\modern C++\5 - Templates\Demo\End\Accumulator\Accumulator\Debug\link.1828.read.1.tlog
D:\working\pluralsight\modern C++\5 - Templates\Demo\End\Accumulator\Accumulator\Debug\link.1828.write.1.tlog
D:\working\pluralsight\modern C++\5 - Templates\Demo\End\Accumulator\Accumulator\Debug\link.1828-cvtres.read.1.tlog
D:\working\pluralsight\modern C++\5 - Templates\Demo\End\Accumulator\Accumulator\Debug\link.1828-cvtres.write.1.tlog
D:\working\pluralsight\modern C++\5 - Templates\Demo\End\Accumulator\Accumulator\Debug\link.5976.read.1.tlog
D:\working\pluralsight\modern C++\5 - Templates\Demo\End\Accumulator\Accumulator\Debug\link.5976.write.1.tlog
D:\working\pluralsight\modern C++\5 - Templates\Demo\End\Accumulator\Accumulator\Debug\link.5976-cvtres.read.1.tlog
D:\working\pluralsight\modern C++\5 - Templates\Demo\End\Accumulator\Accumulator\Debug\link.5976-cvtres.write.1.tlog
D:\working\pluralsight\modern C++\5 - Templates\Demo\End\Accumulator\Accumulator\Debug\link.6528.read.1.tlog
D:\working\pluralsight\modern C++\5 - Templates\Demo\End\Accumulator\Accumulator\Debug\link.6528.write.1.tlog
D:\working\pluralsight\modern C++\5 - Templates\Demo\End\Accumulator\Accumulator\Debug\link.6528-cvtres.read.1.tlog
D:\working\pluralsight\modern C++\5 - Templates\Demo\End\Accumulator\Accumulator\Debug\link.6528-cvtres.write.1.tlog
D:\working\pluralsight\modern C++\5 - Templates\Demo\End\Accumulator\Accumulator\Debug\link.8652.read.1.tlog
D:\working\pluralsight\modern C++\5 - Templates\Demo\End\Accumulator\Accumulator\Debug\link.8652.write.1.tlog
D:\working\pluralsight\modern C++\5 - Templates\Demo\End\Accumulator\Accumulator\Debug\link.8652-cvtres.read.1.tlog
D:\working\pluralsight\modern C++\5 - Templates\Demo\End\Accumulator\Accumulator\Debug\link.8652-cvtres.write.1.tlog
D:\working\pluralsight\modern C++\5 - Templates\Demo\End\Accumulator\Accumulator\Debug\link.command.1.tlog
D:\working\pluralsight\modern C++\5 - Templates\Demo\End\Accumulator\Accumulator\Debug\link.read.1.tlog
D:\working\pluralsight\modern C++\5 - Templates\Demo\End\Accumulator\Accumulator\Debug\link.write.1.tlog
D:\working\pluralsight\modern C++\5 - Templates\Demo\End\Accumulator\Accumulator\Debug\link-cvtres.read.1.tlog
D:\working\pluralsight\modern C++\5 - Templates\Demo\End\Accumulator\Accumulator\Debug\link-cvtres.write.1.tlog
D:\working\pluralsight\modern C++\5 - Templates\Demo\End\Accumulator\Accumulator\Debug\mt.command.1.tlog
D:\working\pluralsight\modern C++\5 - Templates\Demo\End\Accumulator\Accumulator\Debug\mt.read.1.tlog
D:\working\pluralsight\modern C++\5 - Templates\Demo\End\Accumulator\Accumulator\Debug\mt.write.1.tlog
D:\working\pluralsight\modern C++\5 - Templates\Demo\End\Accumulator\Accumulator\Debug\Person.obj
D:\working\pluralsight\modern C++\5 - Templates\Demo\End\Accumulator\Accumulator\Debug\rc.command.1.tlog
D:\working\pluralsight\modern C++\5 - Templates\Demo\End\Accumulator\Accumulator\Debug\rc.read.1.tlog
D:\working\pluralsight\modern C++\5 - Templates\Demo\End\Accumulator\Accumulator\Debug\rc.write.1.tlog
D:\working\pluralsight\modern C++\5 - Templates\Demo\End\Accumulator\Accumulator\Debug\stdafx.obj
D:\working\pluralsight\modern C++\5 - Templates\Demo\End\Accumulator\Accumulator\Debug\vc100.idb
D:\working\pluralsight\modern C++\5 - Templates\Demo\End\Accumulator\Accumulator\Debug\vc100.pdb
D:\working\pluralsight\modern C++\5 - Templates\Demo\End\Accumulator\Debug\Accumulator.exe
D:\working\pluralsight\modern C++\5 - Templates\Demo\End\Accumulator\Debug\Accumulator.ilk
D:\working\pluralsight\modern C++\5 - Templates\Demo\End\Accumulator\Debug\Accumulator.pdb
