D:\WORKING\PLURALSIGHT\MODERN C++\2A - VARIABLES\DEMO\BEGIN\VARIABLESANDTYPES\DEBUG\VARIABLESANDTYPES.EXE
D:\WORKING\PLURALSIGHT\MODERN C++\2A - VARIABLES\DEMO\BEGIN\VARIABLESANDTYPES\DEBUG\VARIABLESANDTYPES.ILK
D:\WORKING\PLURALSIGHT\MODERN C++\2A - VARIABLES\DEMO\BEGIN\VARIABLESANDTYPES\DEBUG\VARIABLESANDTYPES.PDB
D:\working\pluralsight\modern C++\2a - Variables\Demo\Begin\VariablesAndTypes\VariablesAndTypes\Debug\cl.command.1.tlog
D:\working\pluralsight\modern C++\2a - Variables\Demo\Begin\VariablesAndTypes\VariablesAndTypes\Debug\CL.read.1.tlog
D:\working\pluralsight\modern C++\2a - Variables\Demo\Begin\VariablesAndTypes\VariablesAndTypes\Debug\CL.write.1.tlog
D:\working\pluralsight\modern C++\2a - Variables\Demo\Begin\VariablesAndTypes\VariablesAndTypes\Debug\link.7192.read.1.tlog
D:\working\pluralsight\modern C++\2a - Variables\Demo\Begin\VariablesAndTypes\VariablesAndTypes\Debug\link.7192.write.1.tlog
D:\working\pluralsight\modern C++\2a - Variables\Demo\Begin\VariablesAndTypes\VariablesAndTypes\Debug\link.7192-cvtres.read.1.tlog
D:\working\pluralsight\modern C++\2a - Variables\Demo\Begin\VariablesAndTypes\VariablesAndTypes\Debug\link.7192-cvtres.write.1.tlog
D:\working\pluralsight\modern C++\2a - Variables\Demo\Begin\VariablesAndTypes\VariablesAndTypes\Debug\link.command.1.tlog
D:\working\pluralsight\modern C++\2a - Variables\Demo\Begin\VariablesAndTypes\VariablesAndTypes\Debug\link.read.1.tlog
D:\working\pluralsight\modern C++\2a - Variables\Demo\Begin\VariablesAndTypes\VariablesAndTypes\Debug\link.write.1.tlog
D:\working\pluralsight\modern C++\2a - Variables\Demo\Begin\VariablesAndTypes\VariablesAndTypes\Debug\link-cvtres.read.1.tlog
D:\working\pluralsight\modern C++\2a - Variables\Demo\Begin\VariablesAndTypes\VariablesAndTypes\Debug\link-cvtres.write.1.tlog
D:\working\pluralsight\modern C++\2a - Variables\Demo\Begin\VariablesAndTypes\VariablesAndTypes\Debug\mt.command.1.tlog
D:\working\pluralsight\modern C++\2a - Variables\Demo\Begin\VariablesAndTypes\VariablesAndTypes\Debug\mt.read.1.tlog
D:\working\pluralsight\modern C++\2a - Variables\Demo\Begin\VariablesAndTypes\VariablesAndTypes\Debug\mt.write.1.tlog
D:\working\pluralsight\modern C++\2a - Variables\Demo\Begin\VariablesAndTypes\VariablesAndTypes\Debug\rc.command.1.tlog
D:\working\pluralsight\modern C++\2a - Variables\Demo\Begin\VariablesAndTypes\VariablesAndTypes\Debug\rc.read.1.tlog
D:\working\pluralsight\modern C++\2a - Variables\Demo\Begin\VariablesAndTypes\VariablesAndTypes\Debug\rc.write.1.tlog
D:\WORKING\PLURALSIGHT\MODERN C++\2A - VARIABLES\DEMO\BEGIN\VARIABLESANDTYPES\VARIABLESANDTYPES\DEBUG\STDAFX.OBJ
D:\WORKING\PLURALSIGHT\MODERN C++\2A - VARIABLES\DEMO\BEGIN\VARIABLESANDTYPES\VARIABLESANDTYPES\DEBUG\VARIABLESANDTYPES.EXE.EMBED.MANIFEST
D:\WORKING\PLURALSIGHT\MODERN C++\2A - VARIABLES\DEMO\BEGIN\VARIABLESANDTYPES\VARIABLESANDTYPES\DEBUG\VARIABLESANDTYPES.EXE.EMBED.MANIFEST.RES
D:\WORKING\PLURALSIGHT\MODERN C++\2A - VARIABLES\DEMO\BEGIN\VARIABLESANDTYPES\VARIABLESANDTYPES\DEBUG\VARIABLESANDTYPES.EXE.INTERMEDIATE.MANIFEST
D:\WORKING\PLURALSIGHT\MODERN C++\2A - VARIABLES\DEMO\BEGIN\VARIABLESANDTYPES\VARIABLESANDTYPES\DEBUG\VARIABLESANDTYPES.OBJ
D:\WORKING\PLURALSIGHT\MODERN C++\2A - VARIABLES\DEMO\BEGIN\VARIABLESANDTYPES\VARIABLESANDTYPES\DEBUG\VARIABLESANDTYPES.PCH
D:\working\pluralsight\modern C++\2a - Variables\Demo\Begin\VariablesAndTypes\VariablesAndTypes\Debug\VariablesAndTypes_manifest.rc
D:\working\pluralsight\modern C++\2a - Variables\Demo\Begin\VariablesAndTypes\VariablesAndTypes\Debug\vc100.idb
D:\WORKING\PLURALSIGHT\MODERN C++\2A - VARIABLES\DEMO\BEGIN\VARIABLESANDTYPES\VARIABLESANDTYPES\DEBUG\VC100.PDB
