D:\WORKING\PLURALSIGHT\MODERN C++\3 - FLOW OF CONTROL\DEMO\BEGIN\FUNCTIONS\DEBUG\FUNCTIONS.EXE
D:\WORKING\PLURALSIGHT\MODERN C++\3 - FLOW OF CONTROL\DEMO\BEGIN\FUNCTIONS\DEBUG\FUNCTIONS.ILK
D:\WORKING\PLURALSIGHT\MODERN C++\3 - FLOW OF CONTROL\DEMO\BEGIN\FUNCTIONS\DEBUG\FUNCTIONS.PDB
D:\WORKING\PLURALSIGHT\MODERN C++\3 - FLOW OF CONTROL\DEMO\BEGIN\FUNCTIONS\FUNCTIONS\DEBUG\FUNCTIONS.EXE.EMBED.MANIFEST
D:\WORKING\PLURALSIGHT\MODERN C++\3 - FLOW OF CONTROL\DEMO\BEGIN\FUNCTIONS\FUNCTIONS\DEBUG\FUNCTIONS.EXE.EMBED.MANIFEST.RES
D:\WORKING\PLURALSIGHT\MODERN C++\3 - FLOW OF CONTROL\DEMO\BEGIN\FUNCTIONS\FUNCTIONS\DEBUG\FUNCTIONS.EXE.INTERMEDIATE.MANIFEST
D:\WORKING\PLURALSIGHT\MODERN C++\3 - FLOW OF CONTROL\DEMO\BEGIN\FUNCTIONS\FUNCTIONS\DEBUG\FUNCTIONS.OBJ
D:\WORKING\PLURALSIGHT\MODERN C++\3 - FLOW OF CONTROL\DEMO\BEGIN\FUNCTIONS\FUNCTIONS\DEBUG\FUNCTIONS.PCH
D:\WORKING\PLURALSIGHT\MODERN C++\3 - FLOW OF CONTROL\DEMO\BEGIN\FUNCTIONS\FUNCTIONS\DEBUG\STDAFX.OBJ
D:\WORKING\PLURALSIGHT\MODERN C++\3 - FLOW OF CONTROL\DEMO\BEGIN\FUNCTIONS\FUNCTIONS\DEBUG\UTILITY.OBJ
D:\WORKING\PLURALSIGHT\MODERN C++\3 - FLOW OF CONTROL\DEMO\BEGIN\FUNCTIONS\FUNCTIONS\DEBUG\VC100.PDB
D:\working\pluralsight\modern C++\3 - Flow of Control\Demo\End\Functions\Debug\Functions.exe
D:\working\pluralsight\modern C++\3 - Flow of Control\Demo\End\Functions\Debug\Functions.ilk
D:\working\pluralsight\modern C++\3 - Flow of Control\Demo\End\Functions\Debug\Functions.pdb
D:\working\pluralsight\modern C++\3 - Flow of Control\Demo\End\Functions\Functions\Debug\cl.command.1.tlog
D:\working\pluralsight\modern C++\3 - Flow of Control\Demo\End\Functions\Functions\Debug\CL.read.1.tlog
D:\working\pluralsight\modern C++\3 - Flow of Control\Demo\End\Functions\Functions\Debug\CL.write.1.tlog
D:\working\pluralsight\modern C++\3 - Flow of Control\Demo\End\Functions\Functions\Debug\Functions.exe.embed.manifest
D:\working\pluralsight\modern C++\3 - Flow of Control\Demo\End\Functions\Functions\Debug\Functions.exe.embed.manifest.res
D:\working\pluralsight\modern C++\3 - Flow of Control\Demo\End\Functions\Functions\Debug\Functions.exe.intermediate.manifest
D:\working\pluralsight\modern C++\3 - Flow of Control\Demo\End\Functions\Functions\Debug\Functions.obj
D:\working\pluralsight\modern C++\3 - Flow of Control\Demo\End\Functions\Functions\Debug\Functions.pch
D:\working\pluralsight\modern C++\3 - Flow of Control\Demo\End\Functions\Functions\Debug\Functions_manifest.rc
D:\working\pluralsight\modern C++\3 - Flow of Control\Demo\End\Functions\Functions\Debug\link.8652.read.1.tlog
D:\working\pluralsight\modern C++\3 - Flow of Control\Demo\End\Functions\Functions\Debug\link.8652.write.1.tlog
D:\working\pluralsight\modern C++\3 - Flow of Control\Demo\End\Functions\Functions\Debug\link.8652-cvtres.read.1.tlog
D:\working\pluralsight\modern C++\3 - Flow of Control\Demo\End\Functions\Functions\Debug\link.8652-cvtres.write.1.tlog
D:\working\pluralsight\modern C++\3 - Flow of Control\Demo\End\Functions\Functions\Debug\link.command.1.tlog
D:\working\pluralsight\modern C++\3 - Flow of Control\Demo\End\Functions\Functions\Debug\link.read.1.tlog
D:\working\pluralsight\modern C++\3 - Flow of Control\Demo\End\Functions\Functions\Debug\link.write.1.tlog
D:\working\pluralsight\modern C++\3 - Flow of Control\Demo\End\Functions\Functions\Debug\link-cvtres.read.1.tlog
D:\working\pluralsight\modern C++\3 - Flow of Control\Demo\End\Functions\Functions\Debug\link-cvtres.write.1.tlog
D:\working\pluralsight\modern C++\3 - Flow of Control\Demo\End\Functions\Functions\Debug\mt.command.1.tlog
D:\working\pluralsight\modern C++\3 - Flow of Control\Demo\End\Functions\Functions\Debug\mt.read.1.tlog
D:\working\pluralsight\modern C++\3 - Flow of Control\Demo\End\Functions\Functions\Debug\mt.write.1.tlog
D:\working\pluralsight\modern C++\3 - Flow of Control\Demo\End\Functions\Functions\Debug\rc.command.1.tlog
D:\working\pluralsight\modern C++\3 - Flow of Control\Demo\End\Functions\Functions\Debug\rc.read.1.tlog
D:\working\pluralsight\modern C++\3 - Flow of Control\Demo\End\Functions\Functions\Debug\rc.write.1.tlog
D:\working\pluralsight\modern C++\3 - Flow of Control\Demo\End\Functions\Functions\Debug\stdafx.obj
D:\working\pluralsight\modern C++\3 - Flow of Control\Demo\End\Functions\Functions\Debug\Utility.obj
D:\working\pluralsight\modern C++\3 - Flow of Control\Demo\End\Functions\Functions\Debug\vc100.idb
D:\working\pluralsight\modern C++\3 - Flow of Control\Demo\End\Functions\Functions\Debug\vc100.pdb
