Build started 02/09/2011 1:25:45 PM.
     1>Project "D:\working\pluralsight\modern C++\3 - Flow of Control\Demo\End\Functions\Functions\Functions.vcxproj" on node 2 (build target(s)).
     1>InitializeBuildStatus:
         Creating "Debug\Functions.unsuccessfulbuild" because "AlwaysCreate" was specified.
       ClCompile:
         All outputs are up-to-date.
         C:\Program Files (x86)\Microsoft Visual Studio 10.0\VC\bin\CL.exe /c /ZI /nologo /W3 /WX- /Od /Oy- /D WIN32 /D _DEBUG /D _CONSOLE /D _UNICODE /D UNICODE /Gm /EHsc /RTC1 /MDd /GS /fp:precise /Zc:wchar_t /Zc:forScope /Yu"StdAfx.h" /Fp"Debug\Functions.pch" /Fo"Debug\\" /Fd"Debug\vc100.pdb" /Gd /TP /analyze- /errorReport:prompt Functions.cpp Utility.cpp
         Utility.cpp
     1>d:\working\pluralsight\modern c++\3 - flow of control\demo\end\functions\functions\utility.cpp(32): warning C4172: returning address of local variable or temporary
         Generating Code...
         Compiling...
         Functions.cpp
         Generating Code...
       ManifestResourceCompile:
         All outputs are up-to-date.
       Link:
         C:\Program Files (x86)\Microsoft Visual Studio 10.0\VC\bin\link.exe /ERRORREPORT:PROMPT /OUT:"D:\working\pluralsight\modern C++\3 - Flow of Control\Demo\End\Functions\Debug\Functions.exe" /INCREMENTAL /NOLOGO kernel32.lib user32.lib gdi32.lib winspool.lib comdlg32.lib advapi32.lib shell32.lib ole32.lib oleaut32.lib uuid.lib odbc32.lib odbccp32.lib /MANIFEST /ManifestFile:"Debug\Functions.exe.intermediate.manifest" /MANIFESTUAC:"level='asInvoker' uiAccess='false'" /DEBUG /PDB:"D:\working\pluralsight\modern C++\3 - Flow of Control\Demo\End\Functions\Debug\Functions.pdb" /SUBSYSTEM:CONSOLE /TLBID:1 /DYNAMICBASE /NXCOMPAT /IMPLIB:"D:\working\pluralsight\modern C++\3 - Flow of Control\Demo\End\Functions\Debug\Functions.lib" /MACHINE:X86 Debug\Functions.exe.embed.manifest.res
         Debug\Functions.obj
         Debug\stdafx.obj
         Debug\Utility.obj
       Manifest:
         C:\Program Files (x86)\Microsoft SDKs\Windows\v7.0A\bin\mt.exe /nologo /verbose /out:"Debug\Functions.exe.embed.manifest" /manifest Debug\Functions.exe.intermediate.manifest
         All outputs are up-to-date.
       LinkEmbedManifest:
         All outputs are up-to-date.
         Functions.vcxproj -> D:\working\pluralsight\modern C++\3 - Flow of Control\Demo\End\Functions\Debug\Functions.exe
       FinalizeBuildStatus:
         Deleting file "Debug\Functions.unsuccessfulbuild".
         Touching "Debug\Functions.lastbuildstate".
     1>Done Building Project "D:\working\pluralsight\modern C++\3 - Flow of Control\Demo\End\Functions\Functions\Functions.vcxproj" (build target(s)).

Build succeeded.

Time Elapsed 00:00:10.21
