C:\USERS\KATE\DOCUMENTS\VISUAL STUDIO 2010\PROJECTS\FOR\DEBUG\FOR.EXE
C:\USERS\KATE\DOCUMENTS\VISUAL STUDIO 2010\PROJECTS\FOR\DEBUG\FOR.ILK
C:\USERS\KATE\DOCUMENTS\VISUAL STUDIO 2010\PROJECTS\FOR\DEBUG\FOR.PDB
C:\USERS\KATE\DOCUMENTS\VISUAL STUDIO 2010\PROJECTS\FOR\FOR\DEBUG\FOR.EXE.EMBED.MANIFEST
C:\USERS\KATE\DOCUMENTS\VISUAL STUDIO 2010\PROJECTS\FOR\FOR\DEBUG\FOR.EXE.EMBED.MANIFEST.RES
C:\USERS\KATE\DOCUMENTS\VISUAL STUDIO 2010\PROJECTS\FOR\FOR\DEBUG\FOR.EXE.INTERMEDIATE.MANIFEST
C:\USERS\KATE\DOCUMENTS\VISUAL STUDIO 2010\PROJECTS\FOR\FOR\DEBUG\FOR.OBJ
C:\USERS\KATE\DOCUMENTS\VISUAL STUDIO 2010\PROJECTS\FOR\FOR\DEBUG\FOR.PCH
C:\USERS\KATE\DOCUMENTS\VISUAL STUDIO 2010\PROJECTS\FOR\FOR\DEBUG\STDAFX.OBJ
C:\USERS\KATE\DOCUMENTS\VISUAL STUDIO 2010\PROJECTS\FOR\FOR\DEBUG\VC100.PDB
D:\working\pluralsight\modern C++\3 - Flow of Control\Demo\End\For\Debug\For.exe
D:\working\pluralsight\modern C++\3 - Flow of Control\Demo\End\For\Debug\For.ilk
D:\working\pluralsight\modern C++\3 - Flow of Control\Demo\End\For\Debug\For.pdb
D:\working\pluralsight\modern C++\3 - Flow of Control\Demo\End\For\For\Debug\cl.command.1.tlog
D:\working\pluralsight\modern C++\3 - Flow of Control\Demo\End\For\For\Debug\CL.read.1.tlog
D:\working\pluralsight\modern C++\3 - Flow of Control\Demo\End\For\For\Debug\CL.write.1.tlog
D:\working\pluralsight\modern C++\3 - Flow of Control\Demo\End\For\For\Debug\For.exe.embed.manifest
D:\working\pluralsight\modern C++\3 - Flow of Control\Demo\End\For\For\Debug\For.exe.embed.manifest.res
D:\working\pluralsight\modern C++\3 - Flow of Control\Demo\End\For\For\Debug\For.exe.intermediate.manifest
D:\working\pluralsight\modern C++\3 - Flow of Control\Demo\End\For\For\Debug\For.obj
D:\working\pluralsight\modern C++\3 - Flow of Control\Demo\End\For\For\Debug\For.pch
D:\working\pluralsight\modern C++\3 - Flow of Control\Demo\End\For\For\Debug\For_manifest.rc
D:\working\pluralsight\modern C++\3 - Flow of Control\Demo\End\For\For\Debug\link.6096.read.1.tlog
D:\working\pluralsight\modern C++\3 - Flow of Control\Demo\End\For\For\Debug\link.6096.write.1.tlog
D:\working\pluralsight\modern C++\3 - Flow of Control\Demo\End\For\For\Debug\link.6096-cvtres.read.1.tlog
D:\working\pluralsight\modern C++\3 - Flow of Control\Demo\End\For\For\Debug\link.6096-cvtres.write.1.tlog
D:\working\pluralsight\modern C++\3 - Flow of Control\Demo\End\For\For\Debug\link.command.1.tlog
D:\working\pluralsight\modern C++\3 - Flow of Control\Demo\End\For\For\Debug\link.read.1.tlog
D:\working\pluralsight\modern C++\3 - Flow of Control\Demo\End\For\For\Debug\link.write.1.tlog
D:\working\pluralsight\modern C++\3 - Flow of Control\Demo\End\For\For\Debug\link-cvtres.read.1.tlog
D:\working\pluralsight\modern C++\3 - Flow of Control\Demo\End\For\For\Debug\link-cvtres.write.1.tlog
D:\working\pluralsight\modern C++\3 - Flow of Control\Demo\End\For\For\Debug\mt.command.1.tlog
D:\working\pluralsight\modern C++\3 - Flow of Control\Demo\End\For\For\Debug\mt.read.1.tlog
D:\working\pluralsight\modern C++\3 - Flow of Control\Demo\End\For\For\Debug\mt.write.1.tlog
D:\working\pluralsight\modern C++\3 - Flow of Control\Demo\End\For\For\Debug\rc.command.1.tlog
D:\working\pluralsight\modern C++\3 - Flow of Control\Demo\End\For\For\Debug\rc.read.1.tlog
D:\working\pluralsight\modern C++\3 - Flow of Control\Demo\End\For\For\Debug\rc.write.1.tlog
D:\working\pluralsight\modern C++\3 - Flow of Control\Demo\End\For\For\Debug\stdafx.obj
D:\working\pluralsight\modern C++\3 - Flow of Control\Demo\End\For\For\Debug\vc100.idb
D:\working\pluralsight\modern C++\3 - Flow of Control\Demo\End\For\For\Debug\vc100.pdb
