Build started 08/09/2011 11:13:14 PM.
     1>Project "D:\working\pluralsight\modern C++\6b – pointers and inheritance\Demo\Begin\PointersAndInheritance\PointersAndInheritance\PointersAndInheritance.vcxproj" on node 2 (build target(s)).
     1>InitializeBuildStatus:
         Creating "Debug\PointersAndInheritance.unsuccessfulbuild" because "AlwaysCreate" was specified.
       ClCompile:
         All outputs are up-to-date.
         C:\Program Files (x86)\Microsoft Visual Studio 10.0\VC\bin\CL.exe /c /ZI /nologo /W3 /WX- /Od /Oy- /D WIN32 /D _DEBUG /D _CONSOLE /D _UNICODE /D UNICODE /Gm /EHsc /RTC1 /MDd /GS /fp:precise /Zc:wchar_t /Zc:forScope /Yu"StdAfx.h" /Fp"Debug\PointersAndInheritance.pch" /Fo"Debug\\" /Fd"Debug\vc100.pdb" /Gd /TP /analyze- /errorReport:prompt Person.cpp PointersAndInheritance.cpp Tweeter.cpp
         Tweeter.cpp
     1>d:\working\pluralsight\modern c++\6b – pointers and inheritance\demo\begin\pointersandinheritance\pointersandinheritance\tweeter.cpp(22): error C2248: 'Person::firstname' : cannot access private member declared in class 'Person'
                 d:\working\pluralsight\modern c++\6b – pointers and inheritance\demo\begin\pointersandinheritance\pointersandinheritance\person.h(7) : see declaration of 'Person::firstname'
                 d:\working\pluralsight\modern c++\6b – pointers and inheritance\demo\begin\pointersandinheritance\pointersandinheritance\person.h(5) : see declaration of 'Person'
     1>d:\working\pluralsight\modern c++\6b – pointers and inheritance\demo\begin\pointersandinheritance\pointersandinheritance\tweeter.cpp(22): error C2248: 'Person::lastname' : cannot access private member declared in class 'Person'
                 d:\working\pluralsight\modern c++\6b – pointers and inheritance\demo\begin\pointersandinheritance\pointersandinheritance\person.h(8) : see declaration of 'Person::lastname'
                 d:\working\pluralsight\modern c++\6b – pointers and inheritance\demo\begin\pointersandinheritance\pointersandinheritance\person.h(5) : see declaration of 'Person'
         PointersAndInheritance.cpp
         Generating Code...
         Compiling...
         Person.cpp
         Generating Code...
     1>Done Building Project "D:\working\pluralsight\modern C++\6b – pointers and inheritance\Demo\Begin\PointersAndInheritance\PointersAndInheritance\PointersAndInheritance.vcxproj" (build target(s)) -- FAILED.

Build FAILED.

Time Elapsed 00:00:05.56
