Build started 09/09/2011 3:48:52 PM.
     1>Project "D:\working\pluralsight\modern C++\5 - Templates\Demo\End\max\max\max.vcxproj" on node 2 (build target(s)).
     1>InitializeBuildStatus:
         Touching "Debug\max.unsuccessfulbuild".
       ClCompile:
         All outputs are up-to-date.
         C:\Program Files (x86)\Microsoft Visual Studio 10.0\VC\bin\CL.exe /c /ZI /nologo /W3 /WX- /Od /Oy- /D WIN32 /D _DEBUG /D _CONSOLE /D _UNICODE /D UNICODE /Gm /EHsc /RTC1 /MDd /GS /fp:precise /Zc:wchar_t /Zc:forScope /Yu"StdAfx.h" /Fp"Debug\max.pch" /Fo"Debug\\" /Fd"Debug\vc100.pdb" /Gd /TP /analyze- /errorReport:prompt max.cpp
         max.cpp
       ManifestResourceCompile:
         All outputs are up-to-date.
       Link:
         C:\Program Files (x86)\Microsoft Visual Studio 10.0\VC\bin\link.exe /ERRORREPORT:PROMPT /OUT:"D:\working\pluralsight\modern C++\5 - Templates\Demo\End\max\Debug\max.exe" /INCREMENTAL /NOLOGO kernel32.lib user32.lib gdi32.lib winspool.lib comdlg32.lib advapi32.lib shell32.lib ole32.lib oleaut32.lib uuid.lib odbc32.lib odbccp32.lib /MANIFEST /ManifestFile:"Debug\max.exe.intermediate.manifest" /MANIFESTUAC:"level='asInvoker' uiAccess='false'" /DEBUG /PDB:"D:\working\pluralsight\modern C++\5 - Templates\Demo\End\max\Debug\max.pdb" /SUBSYSTEM:CONSOLE /TLBID:1 /DYNAMICBASE /NXCOMPAT /IMPLIB:"D:\working\pluralsight\modern C++\5 - Templates\Demo\End\max\Debug\max.lib" /MACHINE:X86 Debug\max.exe.embed.manifest.res
         Debug\BankAccount.obj
         Debug\max.obj
         Debug\Person.obj
         Debug\stdafx.obj
       Manifest:
         C:\Program Files (x86)\Microsoft SDKs\Windows\v7.0A\bin\mt.exe /nologo /verbose /out:"Debug\max.exe.embed.manifest" /manifest Debug\max.exe.intermediate.manifest
         All outputs are up-to-date.
       LinkEmbedManifest:
         All outputs are up-to-date.
         max.vcxproj -> D:\working\pluralsight\modern C++\5 - Templates\Demo\End\max\Debug\max.exe
       FinalizeBuildStatus:
         Deleting file "Debug\max.unsuccessfulbuild".
         Touching "Debug\max.lastbuildstate".
     1>Done Building Project "D:\working\pluralsight\modern C++\5 - Templates\Demo\End\max\max\max.vcxproj" (build target(s)).

Build succeeded.

Time Elapsed 00:00:03.58
