D:\WORKING\PLURALSIGHT\MODERN C++\5 - TEMPLATES\DEMO\BEGIN\MAX\DEBUG\MAX.EXE
D:\WORKING\PLURALSIGHT\MODERN C++\5 - TEMPLATES\DEMO\BEGIN\MAX\DEBUG\MAX.ILK
D:\WORKING\PLURALSIGHT\MODERN C++\5 - TEMPLATES\DEMO\BEGIN\MAX\DEBUG\MAX.PDB
D:\WORKING\PLURALSIGHT\MODERN C++\5 - TEMPLATES\DEMO\BEGIN\MAX\MAX\DEBUG\BANKACCOUNT.OBJ
D:\WORKING\PLURALSIGHT\MODERN C++\5 - TEMPLATES\DEMO\BEGIN\MAX\MAX\DEBUG\MAX.EXE.EMBED.MANIFEST
D:\WORKING\PLURALSIGHT\MODERN C++\5 - TEMPLATES\DEMO\BEGIN\MAX\MAX\DEBUG\MAX.EXE.EMBED.MANIFEST.RES
D:\WORKING\PLURALSIGHT\MODERN C++\5 - TEMPLATES\DEMO\BEGIN\MAX\MAX\DEBUG\MAX.EXE.INTERMEDIATE.MANIFEST
D:\WORKING\PLURALSIGHT\MODERN C++\5 - TEMPLATES\DEMO\BEGIN\MAX\MAX\DEBUG\MAX.OBJ
D:\WORKING\PLURALSIGHT\MODERN C++\5 - TEMPLATES\DEMO\BEGIN\MAX\MAX\DEBUG\MAX.PCH
D:\WORKING\PLURALSIGHT\MODERN C++\5 - TEMPLATES\DEMO\BEGIN\MAX\MAX\DEBUG\PERSON.OBJ
D:\WORKING\PLURALSIGHT\MODERN C++\5 - TEMPLATES\DEMO\BEGIN\MAX\MAX\DEBUG\STDAFX.OBJ
D:\WORKING\PLURALSIGHT\MODERN C++\5 - TEMPLATES\DEMO\BEGIN\MAX\MAX\DEBUG\VC100.PDB
D:\working\pluralsight\modern C++\5 - Templates\Demo\End\max\Debug\max.exe
D:\working\pluralsight\modern C++\5 - Templates\Demo\End\max\Debug\max.ilk
D:\working\pluralsight\modern C++\5 - Templates\Demo\End\max\Debug\max.pdb
D:\working\pluralsight\modern C++\5 - Templates\Demo\End\max\max\Debug\BankAccount.obj
D:\working\pluralsight\modern C++\5 - Templates\Demo\End\max\max\Debug\cl.command.1.tlog
D:\working\pluralsight\modern C++\5 - Templates\Demo\End\max\max\Debug\CL.read.1.tlog
D:\working\pluralsight\modern C++\5 - Templates\Demo\End\max\max\Debug\CL.write.1.tlog
D:\working\pluralsight\modern C++\5 - Templates\Demo\End\max\max\Debug\link.2736.read.1.tlog
D:\working\pluralsight\modern C++\5 - Templates\Demo\End\max\max\Debug\link.2736.write.1.tlog
D:\working\pluralsight\modern C++\5 - Templates\Demo\End\max\max\Debug\link.2736-cvtres.read.1.tlog
D:\working\pluralsight\modern C++\5 - Templates\Demo\End\max\max\Debug\link.2736-cvtres.write.1.tlog
D:\working\pluralsight\modern C++\5 - Templates\Demo\End\max\max\Debug\link.4752.read.1.tlog
D:\working\pluralsight\modern C++\5 - Templates\Demo\End\max\max\Debug\link.4752.write.1.tlog
D:\working\pluralsight\modern C++\5 - Templates\Demo\End\max\max\Debug\link.4752-cvtres.read.1.tlog
D:\working\pluralsight\modern C++\5 - Templates\Demo\End\max\max\Debug\link.4752-cvtres.write.1.tlog
D:\working\pluralsight\modern C++\5 - Templates\Demo\End\max\max\Debug\link.7176.read.1.tlog
D:\working\pluralsight\modern C++\5 - Templates\Demo\End\max\max\Debug\link.7176.write.1.tlog
D:\working\pluralsight\modern C++\5 - Templates\Demo\End\max\max\Debug\link.7176-cvtres.read.1.tlog
D:\working\pluralsight\modern C++\5 - Templates\Demo\End\max\max\Debug\link.7176-cvtres.write.1.tlog
D:\working\pluralsight\modern C++\5 - Templates\Demo\End\max\max\Debug\link.command.1.tlog
D:\working\pluralsight\modern C++\5 - Templates\Demo\End\max\max\Debug\link.read.1.tlog
D:\working\pluralsight\modern C++\5 - Templates\Demo\End\max\max\Debug\link.write.1.tlog
D:\working\pluralsight\modern C++\5 - Templates\Demo\End\max\max\Debug\link-cvtres.read.1.tlog
D:\working\pluralsight\modern C++\5 - Templates\Demo\End\max\max\Debug\link-cvtres.write.1.tlog
D:\working\pluralsight\modern C++\5 - Templates\Demo\End\max\max\Debug\max.exe.embed.manifest
D:\working\pluralsight\modern C++\5 - Templates\Demo\End\max\max\Debug\max.exe.embed.manifest.res
D:\working\pluralsight\modern C++\5 - Templates\Demo\End\max\max\Debug\max.exe.intermediate.manifest
D:\working\pluralsight\modern C++\5 - Templates\Demo\End\max\max\Debug\max.obj
D:\working\pluralsight\modern C++\5 - Templates\Demo\End\max\max\Debug\max.pch
D:\working\pluralsight\modern C++\5 - Templates\Demo\End\max\max\Debug\max_manifest.rc
D:\working\pluralsight\modern C++\5 - Templates\Demo\End\max\max\Debug\mt.command.1.tlog
D:\working\pluralsight\modern C++\5 - Templates\Demo\End\max\max\Debug\mt.read.1.tlog
D:\working\pluralsight\modern C++\5 - Templates\Demo\End\max\max\Debug\mt.write.1.tlog
D:\working\pluralsight\modern C++\5 - Templates\Demo\End\max\max\Debug\Person.obj
D:\working\pluralsight\modern C++\5 - Templates\Demo\End\max\max\Debug\rc.command.1.tlog
D:\working\pluralsight\modern C++\5 - Templates\Demo\End\max\max\Debug\rc.read.1.tlog
D:\working\pluralsight\modern C++\5 - Templates\Demo\End\max\max\Debug\rc.write.1.tlog
D:\working\pluralsight\modern C++\5 - Templates\Demo\End\max\max\Debug\stdafx.obj
D:\working\pluralsight\modern C++\5 - Templates\Demo\End\max\max\Debug\vc100.idb
D:\working\pluralsight\modern C++\5 - Templates\Demo\End\max\max\Debug\vc100.pdb
