Build started 08/09/2011 3:24:05 PM.
     1>Project "D:\working\pluralsight\modern C++\6a – pointers and memory management\Demo\Begin\FreeStore\FreeStore\FreeStore.vcxproj" on node 2 (build target(s)).
     1>InitializeBuildStatus:
         Creating "Debug\FreeStore.unsuccessfulbuild" because "AlwaysCreate" was specified.
       ClCompile:
         All outputs are up-to-date.
         C:\Program Files (x86)\Microsoft Visual Studio 10.0\VC\bin\CL.exe /c /ZI /nologo /W3 /WX- /Od /Oy- /D WIN32 /D _DEBUG /D _CONSOLE /D _UNICODE /D UNICODE /Gm /EHsc /RTC1 /MDd /GS /fp:precise /Zc:wchar_t /Zc:forScope /Yu"StdAfx.h" /Fp"Debug\FreeStore.pch" /Fo"Debug\\" /Fd"Debug\vc100.pdb" /Gd /TP /analyze- /errorReport:prompt FreeStore.cpp
         FreeStore.cpp
       ManifestResourceCompile:
         All outputs are up-to-date.
       Link:
         C:\Program Files (x86)\Microsoft Visual Studio 10.0\VC\bin\link.exe /ERRORREPORT:PROMPT /OUT:"D:\working\pluralsight\modern C++\6a – pointers and memory management\Demo\Begin\FreeStore\Debug\FreeStore.exe" /INCREMENTAL /NOLOGO kernel32.lib user32.lib gdi32.lib winspool.lib comdlg32.lib advapi32.lib shell32.lib ole32.lib oleaut32.lib uuid.lib odbc32.lib odbccp32.lib /MANIFEST /ManifestFile:"Debug\FreeStore.exe.intermediate.manifest" /MANIFESTUAC:"level='asInvoker' uiAccess='false'" /DEBUG /PDB:"D:\working\pluralsight\modern C++\6a – pointers and memory management\Demo\Begin\FreeStore\Debug\FreeStore.pdb" /SUBSYSTEM:CONSOLE /TLBID:1 /DYNAMICBASE /NXCOMPAT /IMPLIB:"D:\working\pluralsight\modern C++\6a – pointers and memory management\Demo\Begin\FreeStore\Debug\FreeStore.lib" /MACHINE:X86 Debug\FreeStore.exe.embed.manifest.res
         Debug\FreeStore.obj
         Debug\Resource.obj
         Debug\stdafx.obj
       Manifest:
         C:\Program Files (x86)\Microsoft SDKs\Windows\v7.0A\bin\mt.exe /nologo /verbose /out:"Debug\FreeStore.exe.embed.manifest" /manifest Debug\FreeStore.exe.intermediate.manifest
         All outputs are up-to-date.
       LinkEmbedManifest:
         All outputs are up-to-date.
         FreeStore.vcxproj -> D:\working\pluralsight\modern C++\6a – pointers and memory management\Demo\Begin\FreeStore\Debug\FreeStore.exe
       FinalizeBuildStatus:
         Deleting file "Debug\FreeStore.unsuccessfulbuild".
         Touching "Debug\FreeStore.lastbuildstate".
     1>Done Building Project "D:\working\pluralsight\modern C++\6a – pointers and memory management\Demo\Begin\FreeStore\FreeStore\FreeStore.vcxproj" (build target(s)).

Build succeeded.

Time Elapsed 00:00:05.36
