D:\WORKING\PLURALSIGHT\MODERN C++\3 - FLOW OF CONTROL\DEMO\END\SWITCH\DEBUG\SWITCH.EXE
D:\WORKING\PLURALSIGHT\MODERN C++\3 - FLOW OF CONTROL\DEMO\END\SWITCH\DEBUG\SWITCH.ILK
D:\WORKING\PLURALSIGHT\MODERN C++\3 - FLOW OF CONTROL\DEMO\END\SWITCH\DEBUG\SWITCH.PDB
D:\working\pluralsight\modern C++\3 - Flow of Control\Demo\End\Switch\Switch\Debug\cl.command.1.tlog
D:\working\pluralsight\modern C++\3 - Flow of Control\Demo\End\Switch\Switch\Debug\CL.read.1.tlog
D:\working\pluralsight\modern C++\3 - Flow of Control\Demo\End\Switch\Switch\Debug\CL.write.1.tlog
D:\working\pluralsight\modern C++\3 - Flow of Control\Demo\End\Switch\Switch\Debug\link.5292.read.1.tlog
D:\working\pluralsight\modern C++\3 - Flow of Control\Demo\End\Switch\Switch\Debug\link.5292.write.1.tlog
D:\working\pluralsight\modern C++\3 - Flow of Control\Demo\End\Switch\Switch\Debug\link.5292-cvtres.read.1.tlog
D:\working\pluralsight\modern C++\3 - Flow of Control\Demo\End\Switch\Switch\Debug\link.5292-cvtres.write.1.tlog
D:\working\pluralsight\modern C++\3 - Flow of Control\Demo\End\Switch\Switch\Debug\link.command.1.tlog
D:\working\pluralsight\modern C++\3 - Flow of Control\Demo\End\Switch\Switch\Debug\link.read.1.tlog
D:\working\pluralsight\modern C++\3 - Flow of Control\Demo\End\Switch\Switch\Debug\link.write.1.tlog
D:\working\pluralsight\modern C++\3 - Flow of Control\Demo\End\Switch\Switch\Debug\link-cvtres.read.1.tlog
D:\working\pluralsight\modern C++\3 - Flow of Control\Demo\End\Switch\Switch\Debug\link-cvtres.write.1.tlog
D:\working\pluralsight\modern C++\3 - Flow of Control\Demo\End\Switch\Switch\Debug\mt.command.1.tlog
D:\working\pluralsight\modern C++\3 - Flow of Control\Demo\End\Switch\Switch\Debug\mt.read.1.tlog
D:\working\pluralsight\modern C++\3 - Flow of Control\Demo\End\Switch\Switch\Debug\mt.write.1.tlog
D:\working\pluralsight\modern C++\3 - Flow of Control\Demo\End\Switch\Switch\Debug\rc.command.1.tlog
D:\working\pluralsight\modern C++\3 - Flow of Control\Demo\End\Switch\Switch\Debug\rc.read.1.tlog
D:\working\pluralsight\modern C++\3 - Flow of Control\Demo\End\Switch\Switch\Debug\rc.write.1.tlog
D:\WORKING\PLURALSIGHT\MODERN C++\3 - FLOW OF CONTROL\DEMO\END\SWITCH\SWITCH\DEBUG\STDAFX.OBJ
D:\WORKING\PLURALSIGHT\MODERN C++\3 - FLOW OF CONTROL\DEMO\END\SWITCH\SWITCH\DEBUG\SWITCH.EXE.EMBED.MANIFEST
D:\WORKING\PLURALSIGHT\MODERN C++\3 - FLOW OF CONTROL\DEMO\END\SWITCH\SWITCH\DEBUG\SWITCH.EXE.EMBED.MANIFEST.RES
D:\WORKING\PLURALSIGHT\MODERN C++\3 - FLOW OF CONTROL\DEMO\END\SWITCH\SWITCH\DEBUG\SWITCH.EXE.INTERMEDIATE.MANIFEST
D:\WORKING\PLURALSIGHT\MODERN C++\3 - FLOW OF CONTROL\DEMO\END\SWITCH\SWITCH\DEBUG\SWITCH.OBJ
D:\WORKING\PLURALSIGHT\MODERN C++\3 - FLOW OF CONTROL\DEMO\END\SWITCH\SWITCH\DEBUG\SWITCH.PCH
D:\working\pluralsight\modern C++\3 - Flow of Control\Demo\End\Switch\Switch\Debug\Switch_manifest.rc
D:\working\pluralsight\modern C++\3 - Flow of Control\Demo\End\Switch\Switch\Debug\vc100.idb
D:\WORKING\PLURALSIGHT\MODERN C++\3 - FLOW OF CONTROL\DEMO\END\SWITCH\SWITCH\DEBUG\VC100.PDB
