Build started 02/09/2011 1:06:06 PM.
     1>Project "D:\working\pluralsight\modern C++\3 - Flow of Control\Demo\End\Switch\Switch\Switch.vcxproj" on node 2 (rebuild target(s)).
     1>_PrepareForClean:
         Deleting file "Debug\Switch.lastbuildstate".
       InitializeBuildStatus:
         Creating "Debug\Switch.unsuccessfulbuild" because "AlwaysCreate" was specified.
       ClCompile:
         C:\Program Files (x86)\Microsoft Visual Studio 10.0\VC\bin\CL.exe /c /ZI /nologo /W3 /WX- /Od /Oy- /D WIN32 /D _DEBUG /D _CONSOLE /D _UNICODE /D UNICODE /Gm /EHsc /RTC1 /MDd /GS /fp:precise /Zc:wchar_t /Zc:forScope /Yc"StdAfx.h" /Fp"Debug\Switch.pch" /Fo"Debug\\" /Fd"Debug\vc100.pdb" /Gd /TP /analyze- /errorReport:prompt stdafx.cpp
         stdafx.cpp
         C:\Program Files (x86)\Microsoft Visual Studio 10.0\VC\bin\CL.exe /c /ZI /nologo /W3 /WX- /Od /Oy- /D WIN32 /D _DEBUG /D _CONSOLE /D _UNICODE /D UNICODE /Gm /EHsc /RTC1 /MDd /GS /fp:precise /Zc:wchar_t /Zc:forScope /Yu"StdAfx.h" /Fp"Debug\Switch.pch" /Fo"Debug\\" /Fd"Debug\vc100.pdb" /Gd /TP /analyze- /errorReport:prompt Switch.cpp
         Switch.cpp
       ManifestResourceCompile:
         C:\Program Files (x86)\Microsoft SDKs\Windows\v7.0A\bin\rc.exe /nologo /fo"Debug\Switch.exe.embed.manifest.res" Debug\Switch_manifest.rc 
       Link:
         C:\Program Files (x86)\Microsoft Visual Studio 10.0\VC\bin\link.exe /ERRORREPORT:PROMPT /OUT:"D:\working\pluralsight\modern C++\3 - Flow of Control\Demo\End\Switch\Debug\Switch.exe" /INCREMENTAL /NOLOGO kernel32.lib user32.lib gdi32.lib winspool.lib comdlg32.lib advapi32.lib shell32.lib ole32.lib oleaut32.lib uuid.lib odbc32.lib odbccp32.lib /MANIFEST /ManifestFile:"Debug\Switch.exe.intermediate.manifest" /MANIFESTUAC:"level='asInvoker' uiAccess='false'" /DEBUG /PDB:"D:\working\pluralsight\modern C++\3 - Flow of Control\Demo\End\Switch\Debug\Switch.pdb" /SUBSYSTEM:CONSOLE /TLBID:1 /DYNAMICBASE /NXCOMPAT /IMPLIB:"D:\working\pluralsight\modern C++\3 - Flow of Control\Demo\End\Switch\Debug\Switch.lib" /MACHINE:X86 Debug\Switch.exe.embed.manifest.res
         Debug\stdafx.obj
         Debug\Switch.obj
       Manifest:
         Deleting file "Debug\Switch.exe.embed.manifest".
         C:\Program Files (x86)\Microsoft SDKs\Windows\v7.0A\bin\mt.exe /nologo /verbose /out:"Debug\Switch.exe.embed.manifest" /manifest Debug\Switch.exe.intermediate.manifest
         C:\Program Files (x86)\Microsoft SDKs\Windows\v7.0A\bin\rc.exe /nologo /fo"Debug\Switch.exe.embed.manifest.res" Debug\Switch_manifest.rc 
       LinkEmbedManifest:
         C:\Program Files (x86)\Microsoft Visual Studio 10.0\VC\bin\link.exe /ERRORREPORT:PROMPT /OUT:"D:\working\pluralsight\modern C++\3 - Flow of Control\Demo\End\Switch\Debug\Switch.exe" /INCREMENTAL /NOLOGO kernel32.lib user32.lib gdi32.lib winspool.lib comdlg32.lib advapi32.lib shell32.lib ole32.lib oleaut32.lib uuid.lib odbc32.lib odbccp32.lib /MANIFEST /ManifestFile:"Debug\Switch.exe.intermediate.manifest" /MANIFESTUAC:"level='asInvoker' uiAccess='false'" /DEBUG /PDB:"D:\working\pluralsight\modern C++\3 - Flow of Control\Demo\End\Switch\Debug\Switch.pdb" /SUBSYSTEM:CONSOLE /TLBID:1 /DYNAMICBASE /NXCOMPAT /IMPLIB:"D:\working\pluralsight\modern C++\3 - Flow of Control\Demo\End\Switch\Debug\Switch.lib" /MACHINE:X86 Debug\Switch.exe.embed.manifest.res
         Debug\stdafx.obj
         Debug\Switch.obj
         Switch.vcxproj -> D:\working\pluralsight\modern C++\3 - Flow of Control\Demo\End\Switch\Debug\Switch.exe
       FinalizeBuildStatus:
         Deleting file "Debug\Switch.unsuccessfulbuild".
         Touching "Debug\Switch.lastbuildstate".
     1>Done Building Project "D:\working\pluralsight\modern C++\3 - Flow of Control\Demo\End\Switch\Switch\Switch.vcxproj" (rebuild target(s)).

Build succeeded.

Time Elapsed 00:00:10.10
