D:\WORKING\PLURALSIGHT\MODERN C++\4 - OPERATORS\DEMO\BEGIN\ARITHMETIC\ARITHMETIC\DEBUG\ARITHMETIC.EXE.EMBED.MANIFEST
D:\WORKING\PLURALSIGHT\MODERN C++\4 - OPERATORS\DEMO\BEGIN\ARITHMETIC\ARITHMETIC\DEBUG\ARITHMETIC.EXE.EMBED.MANIFEST.RES
D:\WORKING\PLURALSIGHT\MODERN C++\4 - OPERATORS\DEMO\BEGIN\ARITHMETIC\ARITHMETIC\DEBUG\ARITHMETIC.EXE.INTERMEDIATE.MANIFEST
D:\WORKING\PLURALSIGHT\MODERN C++\4 - OPERATORS\DEMO\BEGIN\ARITHMETIC\ARITHMETIC\DEBUG\ARITHMETIC.OBJ
D:\WORKING\PLURALSIGHT\MODERN C++\4 - OPERATORS\DEMO\BEGIN\ARITHMETIC\ARITHMETIC\DEBUG\ARITHMETIC.PCH
D:\WORKING\PLURALSIGHT\MODERN C++\4 - OPERATORS\DEMO\BEGIN\ARITHMETIC\ARITHMETIC\DEBUG\STDAFX.OBJ
D:\WORKING\PLURALSIGHT\MODERN C++\4 - OPERATORS\DEMO\BEGIN\ARITHMETIC\ARITHMETIC\DEBUG\UTILITY.OBJ
D:\WORKING\PLURALSIGHT\MODERN C++\4 - OPERATORS\DEMO\BEGIN\ARITHMETIC\ARITHMETIC\DEBUG\VC100.PDB
D:\WORKING\PLURALSIGHT\MODERN C++\4 - OPERATORS\DEMO\BEGIN\ARITHMETIC\DEBUG\ARITHMETIC.EXE
D:\WORKING\PLURALSIGHT\MODERN C++\4 - OPERATORS\DEMO\BEGIN\ARITHMETIC\DEBUG\ARITHMETIC.ILK
D:\WORKING\PLURALSIGHT\MODERN C++\4 - OPERATORS\DEMO\BEGIN\ARITHMETIC\DEBUG\ARITHMETIC.PDB
D:\working\pluralsight\modern C++\4 - Operators\Demo\End\Arithmetic\Arithmetic\Debug\Arithmetic.exe.embed.manifest
D:\working\pluralsight\modern C++\4 - Operators\Demo\End\Arithmetic\Arithmetic\Debug\Arithmetic.exe.embed.manifest.res
D:\working\pluralsight\modern C++\4 - Operators\Demo\End\Arithmetic\Arithmetic\Debug\Arithmetic.exe.intermediate.manifest
D:\working\pluralsight\modern C++\4 - Operators\Demo\End\Arithmetic\Arithmetic\Debug\Arithmetic.obj
D:\working\pluralsight\modern C++\4 - Operators\Demo\End\Arithmetic\Arithmetic\Debug\Arithmetic.pch
D:\working\pluralsight\modern C++\4 - Operators\Demo\End\Arithmetic\Arithmetic\Debug\Arithmetic_manifest.rc
D:\working\pluralsight\modern C++\4 - Operators\Demo\End\Arithmetic\Arithmetic\Debug\cl.command.1.tlog
D:\working\pluralsight\modern C++\4 - Operators\Demo\End\Arithmetic\Arithmetic\Debug\CL.read.1.tlog
D:\working\pluralsight\modern C++\4 - Operators\Demo\End\Arithmetic\Arithmetic\Debug\CL.write.1.tlog
D:\working\pluralsight\modern C++\4 - Operators\Demo\End\Arithmetic\Arithmetic\Debug\link.9960.read.1.tlog
D:\working\pluralsight\modern C++\4 - Operators\Demo\End\Arithmetic\Arithmetic\Debug\link.9960.write.1.tlog
D:\working\pluralsight\modern C++\4 - Operators\Demo\End\Arithmetic\Arithmetic\Debug\link.9960-cvtres.read.1.tlog
D:\working\pluralsight\modern C++\4 - Operators\Demo\End\Arithmetic\Arithmetic\Debug\link.9960-cvtres.write.1.tlog
D:\working\pluralsight\modern C++\4 - Operators\Demo\End\Arithmetic\Arithmetic\Debug\link.command.1.tlog
D:\working\pluralsight\modern C++\4 - Operators\Demo\End\Arithmetic\Arithmetic\Debug\link.read.1.tlog
D:\working\pluralsight\modern C++\4 - Operators\Demo\End\Arithmetic\Arithmetic\Debug\link.write.1.tlog
D:\working\pluralsight\modern C++\4 - Operators\Demo\End\Arithmetic\Arithmetic\Debug\link-cvtres.read.1.tlog
D:\working\pluralsight\modern C++\4 - Operators\Demo\End\Arithmetic\Arithmetic\Debug\link-cvtres.write.1.tlog
D:\working\pluralsight\modern C++\4 - Operators\Demo\End\Arithmetic\Arithmetic\Debug\mt.command.1.tlog
D:\working\pluralsight\modern C++\4 - Operators\Demo\End\Arithmetic\Arithmetic\Debug\mt.read.1.tlog
D:\working\pluralsight\modern C++\4 - Operators\Demo\End\Arithmetic\Arithmetic\Debug\mt.write.1.tlog
D:\working\pluralsight\modern C++\4 - Operators\Demo\End\Arithmetic\Arithmetic\Debug\rc.command.1.tlog
D:\working\pluralsight\modern C++\4 - Operators\Demo\End\Arithmetic\Arithmetic\Debug\rc.read.1.tlog
D:\working\pluralsight\modern C++\4 - Operators\Demo\End\Arithmetic\Arithmetic\Debug\rc.write.1.tlog
D:\working\pluralsight\modern C++\4 - Operators\Demo\End\Arithmetic\Arithmetic\Debug\stdafx.obj
D:\working\pluralsight\modern C++\4 - Operators\Demo\End\Arithmetic\Arithmetic\Debug\Utility.obj
D:\working\pluralsight\modern C++\4 - Operators\Demo\End\Arithmetic\Arithmetic\Debug\vc100.idb
D:\working\pluralsight\modern C++\4 - Operators\Demo\End\Arithmetic\Arithmetic\Debug\vc100.pdb
D:\working\pluralsight\modern C++\4 - Operators\Demo\End\Arithmetic\Debug\Arithmetic.exe
D:\working\pluralsight\modern C++\4 - Operators\Demo\End\Arithmetic\Debug\Arithmetic.ilk
D:\working\pluralsight\modern C++\4 - Operators\Demo\End\Arithmetic\Debug\Arithmetic.pdb
