D:\WORKING\PLURALSIGHT\MODERN C++\6A – POINTERS AND MEMORY MANAGEMENT\DEMO\BEGIN\POINTERSANDREFERENCES\DEBUG\POINTERSANDREFERENCES.EXE
D:\WORKING\PLURALSIGHT\MODERN C++\6A – POINTERS AND MEMORY MANAGEMENT\DEMO\BEGIN\POINTERSANDREFERENCES\DEBUG\POINTERSANDREFERENCES.ILK
D:\WORKING\PLURALSIGHT\MODERN C++\6A – POINTERS AND MEMORY MANAGEMENT\DEMO\BEGIN\POINTERSANDREFERENCES\DEBUG\POINTERSANDREFERENCES.PDB
D:\WORKING\PLURALSIGHT\MODERN C++\6A – POINTERS AND MEMORY MANAGEMENT\DEMO\BEGIN\POINTERSANDREFERENCES\POINTERSANDREFERENCES\DEBUG\PERSON.OBJ
D:\WORKING\PLURALSIGHT\MODERN C++\6A – POINTERS AND MEMORY MANAGEMENT\DEMO\BEGIN\POINTERSANDREFERENCES\POINTERSANDREFERENCES\DEBUG\POINTERSANDREFERENCES.EXE.EMBED.MANIFEST
D:\WORKING\PLURALSIGHT\MODERN C++\6A – POINTERS AND MEMORY MANAGEMENT\DEMO\BEGIN\POINTERSANDREFERENCES\POINTERSANDREFERENCES\DEBUG\POINTERSANDREFERENCES.EXE.EMBED.MANIFEST.RES
D:\WORKING\PLURALSIGHT\MODERN C++\6A – POINTERS AND MEMORY MANAGEMENT\DEMO\BEGIN\POINTERSANDREFERENCES\POINTERSANDREFERENCES\DEBUG\POINTERSANDREFERENCES.EXE.INTERMEDIATE.MANIFEST
D:\WORKING\PLURALSIGHT\MODERN C++\6A – POINTERS AND MEMORY MANAGEMENT\DEMO\BEGIN\POINTERSANDREFERENCES\POINTERSANDREFERENCES\DEBUG\POINTERSANDREFERENCES.OBJ
D:\WORKING\PLURALSIGHT\MODERN C++\6A – POINTERS AND MEMORY MANAGEMENT\DEMO\BEGIN\POINTERSANDREFERENCES\POINTERSANDREFERENCES\DEBUG\POINTERSANDREFERENCES.PCH
D:\WORKING\PLURALSIGHT\MODERN C++\6A – POINTERS AND MEMORY MANAGEMENT\DEMO\BEGIN\POINTERSANDREFERENCES\POINTERSANDREFERENCES\DEBUG\STDAFX.OBJ
D:\WORKING\PLURALSIGHT\MODERN C++\6A – POINTERS AND MEMORY MANAGEMENT\DEMO\BEGIN\POINTERSANDREFERENCES\POINTERSANDREFERENCES\DEBUG\VC100.PDB
D:\working\pluralsight\modern C++\6a – pointers and memory management\Demo\End\PointersAndReferences\Debug\PointersAndReferences.exe
D:\working\pluralsight\modern C++\6a – pointers and memory management\Demo\End\PointersAndReferences\Debug\PointersAndReferences.ilk
D:\working\pluralsight\modern C++\6a – pointers and memory management\Demo\End\PointersAndReferences\Debug\PointersAndReferences.pdb
D:\working\pluralsight\modern C++\6a – pointers and memory management\Demo\End\PointersAndReferences\PointersAndReferences\Debug\cl.command.1.tlog
D:\working\pluralsight\modern C++\6a – pointers and memory management\Demo\End\PointersAndReferences\PointersAndReferences\Debug\CL.read.1.tlog
D:\working\pluralsight\modern C++\6a – pointers and memory management\Demo\End\PointersAndReferences\PointersAndReferences\Debug\CL.write.1.tlog
D:\working\pluralsight\modern C++\6a – pointers and memory management\Demo\End\PointersAndReferences\PointersAndReferences\Debug\link.1604.read.1.tlog
D:\working\pluralsight\modern C++\6a – pointers and memory management\Demo\End\PointersAndReferences\PointersAndReferences\Debug\link.1604.write.1.tlog
D:\working\pluralsight\modern C++\6a – pointers and memory management\Demo\End\PointersAndReferences\PointersAndReferences\Debug\link.1604-cvtres.read.1.tlog
D:\working\pluralsight\modern C++\6a – pointers and memory management\Demo\End\PointersAndReferences\PointersAndReferences\Debug\link.1604-cvtres.write.1.tlog
D:\working\pluralsight\modern C++\6a – pointers and memory management\Demo\End\PointersAndReferences\PointersAndReferences\Debug\link.4756.read.1.tlog
D:\working\pluralsight\modern C++\6a – pointers and memory management\Demo\End\PointersAndReferences\PointersAndReferences\Debug\link.4756.write.1.tlog
D:\working\pluralsight\modern C++\6a – pointers and memory management\Demo\End\PointersAndReferences\PointersAndReferences\Debug\link.4756-cvtres.read.1.tlog
D:\working\pluralsight\modern C++\6a – pointers and memory management\Demo\End\PointersAndReferences\PointersAndReferences\Debug\link.4756-cvtres.write.1.tlog
D:\working\pluralsight\modern C++\6a – pointers and memory management\Demo\End\PointersAndReferences\PointersAndReferences\Debug\link.command.1.tlog
D:\working\pluralsight\modern C++\6a – pointers and memory management\Demo\End\PointersAndReferences\PointersAndReferences\Debug\link.read.1.tlog
D:\working\pluralsight\modern C++\6a – pointers and memory management\Demo\End\PointersAndReferences\PointersAndReferences\Debug\link.write.1.tlog
D:\working\pluralsight\modern C++\6a – pointers and memory management\Demo\End\PointersAndReferences\PointersAndReferences\Debug\link-cvtres.read.1.tlog
D:\working\pluralsight\modern C++\6a – pointers and memory management\Demo\End\PointersAndReferences\PointersAndReferences\Debug\link-cvtres.write.1.tlog
D:\working\pluralsight\modern C++\6a – pointers and memory management\Demo\End\PointersAndReferences\PointersAndReferences\Debug\mt.command.1.tlog
D:\working\pluralsight\modern C++\6a – pointers and memory management\Demo\End\PointersAndReferences\PointersAndReferences\Debug\mt.read.1.tlog
D:\working\pluralsight\modern C++\6a – pointers and memory management\Demo\End\PointersAndReferences\PointersAndReferences\Debug\mt.write.1.tlog
D:\working\pluralsight\modern C++\6a – pointers and memory management\Demo\End\PointersAndReferences\PointersAndReferences\Debug\Person.obj
D:\working\pluralsight\modern C++\6a – pointers and memory management\Demo\End\PointersAndReferences\PointersAndReferences\Debug\PointersAndReferences.exe.embed.manifest
D:\working\pluralsight\modern C++\6a – pointers and memory management\Demo\End\PointersAndReferences\PointersAndReferences\Debug\PointersAndReferences.exe.embed.manifest.res
D:\working\pluralsight\modern C++\6a – pointers and memory management\Demo\End\PointersAndReferences\PointersAndReferences\Debug\PointersAndReferences.exe.intermediate.manifest
D:\working\pluralsight\modern C++\6a – pointers and memory management\Demo\End\PointersAndReferences\PointersAndReferences\Debug\PointersAndReferences.obj
D:\working\pluralsight\modern C++\6a – pointers and memory management\Demo\End\PointersAndReferences\PointersAndReferences\Debug\PointersAndReferences.pch
D:\working\pluralsight\modern C++\6a – pointers and memory management\Demo\End\PointersAndReferences\PointersAndReferences\Debug\PointersAndReferences_manifest.rc
D:\working\pluralsight\modern C++\6a – pointers and memory management\Demo\End\PointersAndReferences\PointersAndReferences\Debug\rc.command.1.tlog
D:\working\pluralsight\modern C++\6a – pointers and memory management\Demo\End\PointersAndReferences\PointersAndReferences\Debug\rc.read.1.tlog
D:\working\pluralsight\modern C++\6a – pointers and memory management\Demo\End\PointersAndReferences\PointersAndReferences\Debug\rc.write.1.tlog
D:\working\pluralsight\modern C++\6a – pointers and memory management\Demo\End\PointersAndReferences\PointersAndReferences\Debug\stdafx.obj
D:\working\pluralsight\modern C++\6a – pointers and memory management\Demo\End\PointersAndReferences\PointersAndReferences\Debug\vc100.idb
D:\working\pluralsight\modern C++\6a – pointers and memory management\Demo\End\PointersAndReferences\PointersAndReferences\Debug\vc100.pdb
