D:\WORKING\PLURALSIGHT\MODERN C++\6A – POINTERS AND MEMORY MANAGEMENT\DEMO\BEGIN\MEMORY\DEBUG\MEMORY.EXE
D:\WORKING\PLURALSIGHT\MODERN C++\6A – POINTERS AND MEMORY MANAGEMENT\DEMO\BEGIN\MEMORY\DEBUG\MEMORY.ILK
D:\WORKING\PLURALSIGHT\MODERN C++\6A – POINTERS AND MEMORY MANAGEMENT\DEMO\BEGIN\MEMORY\DEBUG\MEMORY.PDB
D:\WORKING\PLURALSIGHT\MODERN C++\6A – POINTERS AND MEMORY MANAGEMENT\DEMO\BEGIN\MEMORY\MEMORY\DEBUG\MEMORY.EXE.EMBED.MANIFEST
D:\WORKING\PLURALSIGHT\MODERN C++\6A – POINTERS AND MEMORY MANAGEMENT\DEMO\BEGIN\MEMORY\MEMORY\DEBUG\MEMORY.EXE.EMBED.MANIFEST.RES
D:\WORKING\PLURALSIGHT\MODERN C++\6A – POINTERS AND MEMORY MANAGEMENT\DEMO\BEGIN\MEMORY\MEMORY\DEBUG\MEMORY.EXE.INTERMEDIATE.MANIFEST
D:\WORKING\PLURALSIGHT\MODERN C++\6A – POINTERS AND MEMORY MANAGEMENT\DEMO\BEGIN\MEMORY\MEMORY\DEBUG\MEMORY.OBJ
D:\WORKING\PLURALSIGHT\MODERN C++\6A – POINTERS AND MEMORY MANAGEMENT\DEMO\BEGIN\MEMORY\MEMORY\DEBUG\MEMORY.PCH
D:\WORKING\PLURALSIGHT\MODERN C++\6A – POINTERS AND MEMORY MANAGEMENT\DEMO\BEGIN\MEMORY\MEMORY\DEBUG\PERSON.OBJ
D:\WORKING\PLURALSIGHT\MODERN C++\6A – POINTERS AND MEMORY MANAGEMENT\DEMO\BEGIN\MEMORY\MEMORY\DEBUG\RESOURCE.OBJ
D:\WORKING\PLURALSIGHT\MODERN C++\6A – POINTERS AND MEMORY MANAGEMENT\DEMO\BEGIN\MEMORY\MEMORY\DEBUG\STDAFX.OBJ
D:\WORKING\PLURALSIGHT\MODERN C++\6A – POINTERS AND MEMORY MANAGEMENT\DEMO\BEGIN\MEMORY\MEMORY\DEBUG\VC100.PDB
D:\working\pluralsight\modern C++\6a – pointers and memory management\Demo\End\Memory\Debug\Memory.exe
D:\working\pluralsight\modern C++\6a – pointers and memory management\Demo\End\Memory\Debug\Memory.ilk
D:\working\pluralsight\modern C++\6a – pointers and memory management\Demo\End\Memory\Debug\Memory.pdb
D:\working\pluralsight\modern C++\6a – pointers and memory management\Demo\End\Memory\Memory\Debug\cl.command.1.tlog
D:\working\pluralsight\modern C++\6a – pointers and memory management\Demo\End\Memory\Memory\Debug\CL.read.1.tlog
D:\working\pluralsight\modern C++\6a – pointers and memory management\Demo\End\Memory\Memory\Debug\CL.write.1.tlog
D:\working\pluralsight\modern C++\6a – pointers and memory management\Demo\End\Memory\Memory\Debug\link.4524.read.1.tlog
D:\working\pluralsight\modern C++\6a – pointers and memory management\Demo\End\Memory\Memory\Debug\link.4524.write.1.tlog
D:\working\pluralsight\modern C++\6a – pointers and memory management\Demo\End\Memory\Memory\Debug\link.4524-cvtres.read.1.tlog
D:\working\pluralsight\modern C++\6a – pointers and memory management\Demo\End\Memory\Memory\Debug\link.4524-cvtres.write.1.tlog
D:\working\pluralsight\modern C++\6a – pointers and memory management\Demo\End\Memory\Memory\Debug\link.5956.read.1.tlog
D:\working\pluralsight\modern C++\6a – pointers and memory management\Demo\End\Memory\Memory\Debug\link.5956.write.1.tlog
D:\working\pluralsight\modern C++\6a – pointers and memory management\Demo\End\Memory\Memory\Debug\link.5956-cvtres.read.1.tlog
D:\working\pluralsight\modern C++\6a – pointers and memory management\Demo\End\Memory\Memory\Debug\link.5956-cvtres.write.1.tlog
D:\working\pluralsight\modern C++\6a – pointers and memory management\Demo\End\Memory\Memory\Debug\link.5964.read.1.tlog
D:\working\pluralsight\modern C++\6a – pointers and memory management\Demo\End\Memory\Memory\Debug\link.5964.write.1.tlog
D:\working\pluralsight\modern C++\6a – pointers and memory management\Demo\End\Memory\Memory\Debug\link.5964-cvtres.read.1.tlog
D:\working\pluralsight\modern C++\6a – pointers and memory management\Demo\End\Memory\Memory\Debug\link.5964-cvtres.write.1.tlog
D:\working\pluralsight\modern C++\6a – pointers and memory management\Demo\End\Memory\Memory\Debug\link.6332.read.1.tlog
D:\working\pluralsight\modern C++\6a – pointers and memory management\Demo\End\Memory\Memory\Debug\link.6332.write.1.tlog
D:\working\pluralsight\modern C++\6a – pointers and memory management\Demo\End\Memory\Memory\Debug\link.6332-cvtres.read.1.tlog
D:\working\pluralsight\modern C++\6a – pointers and memory management\Demo\End\Memory\Memory\Debug\link.6332-cvtres.write.1.tlog
D:\working\pluralsight\modern C++\6a – pointers and memory management\Demo\End\Memory\Memory\Debug\link.8004.read.1.tlog
D:\working\pluralsight\modern C++\6a – pointers and memory management\Demo\End\Memory\Memory\Debug\link.8004.write.1.tlog
D:\working\pluralsight\modern C++\6a – pointers and memory management\Demo\End\Memory\Memory\Debug\link.8004-cvtres.read.1.tlog
D:\working\pluralsight\modern C++\6a – pointers and memory management\Demo\End\Memory\Memory\Debug\link.8004-cvtres.write.1.tlog
D:\working\pluralsight\modern C++\6a – pointers and memory management\Demo\End\Memory\Memory\Debug\link.8372.read.1.tlog
D:\working\pluralsight\modern C++\6a – pointers and memory management\Demo\End\Memory\Memory\Debug\link.8372.write.1.tlog
D:\working\pluralsight\modern C++\6a – pointers and memory management\Demo\End\Memory\Memory\Debug\link.8372-cvtres.read.1.tlog
D:\working\pluralsight\modern C++\6a – pointers and memory management\Demo\End\Memory\Memory\Debug\link.8372-cvtres.write.1.tlog
D:\working\pluralsight\modern C++\6a – pointers and memory management\Demo\End\Memory\Memory\Debug\link.command.1.tlog
D:\working\pluralsight\modern C++\6a – pointers and memory management\Demo\End\Memory\Memory\Debug\link.read.1.tlog
D:\working\pluralsight\modern C++\6a – pointers and memory management\Demo\End\Memory\Memory\Debug\link.write.1.tlog
D:\working\pluralsight\modern C++\6a – pointers and memory management\Demo\End\Memory\Memory\Debug\link-cvtres.read.1.tlog
D:\working\pluralsight\modern C++\6a – pointers and memory management\Demo\End\Memory\Memory\Debug\link-cvtres.write.1.tlog
D:\working\pluralsight\modern C++\6a – pointers and memory management\Demo\End\Memory\Memory\Debug\Memory.exe.embed.manifest
D:\working\pluralsight\modern C++\6a – pointers and memory management\Demo\End\Memory\Memory\Debug\Memory.exe.embed.manifest.res
D:\working\pluralsight\modern C++\6a – pointers and memory management\Demo\End\Memory\Memory\Debug\Memory.exe.intermediate.manifest
D:\working\pluralsight\modern C++\6a – pointers and memory management\Demo\End\Memory\Memory\Debug\Memory.obj
D:\working\pluralsight\modern C++\6a – pointers and memory management\Demo\End\Memory\Memory\Debug\Memory.pch
D:\working\pluralsight\modern C++\6a – pointers and memory management\Demo\End\Memory\Memory\Debug\Memory_manifest.rc
D:\working\pluralsight\modern C++\6a – pointers and memory management\Demo\End\Memory\Memory\Debug\mt.command.1.tlog
D:\working\pluralsight\modern C++\6a – pointers and memory management\Demo\End\Memory\Memory\Debug\mt.read.1.tlog
D:\working\pluralsight\modern C++\6a – pointers and memory management\Demo\End\Memory\Memory\Debug\mt.write.1.tlog
D:\working\pluralsight\modern C++\6a – pointers and memory management\Demo\End\Memory\Memory\Debug\Person.obj
D:\working\pluralsight\modern C++\6a – pointers and memory management\Demo\End\Memory\Memory\Debug\rc.command.1.tlog
D:\working\pluralsight\modern C++\6a – pointers and memory management\Demo\End\Memory\Memory\Debug\rc.read.1.tlog
D:\working\pluralsight\modern C++\6a – pointers and memory management\Demo\End\Memory\Memory\Debug\rc.write.1.tlog
D:\working\pluralsight\modern C++\6a – pointers and memory management\Demo\End\Memory\Memory\Debug\Resource.obj
D:\working\pluralsight\modern C++\6a – pointers and memory management\Demo\End\Memory\Memory\Debug\stdafx.obj
D:\working\pluralsight\modern C++\6a – pointers and memory management\Demo\End\Memory\Memory\Debug\vc100.idb
D:\working\pluralsight\modern C++\6a – pointers and memory management\Demo\End\Memory\Memory\Debug\vc100.pdb
