Build started 01/09/2011 8:05:23 PM.
     1>Project "C:\Users\kate\Documents\Visual Studio 2010\Projects\If\If\If.vcxproj" on node 2 (build target(s)).
     1>InitializeBuildStatus:
         Creating "Debug\If.unsuccessfulbuild" because "AlwaysCreate" was specified.
       ClCompile:
         All outputs are up-to-date.
         C:\Program Files (x86)\Microsoft Visual Studio 10.0\VC\bin\CL.exe /c /ZI /nologo /W3 /WX- /Od /Oy- /D WIN32 /D _DEBUG /D _CONSOLE /D _UNICODE /D UNICODE /Gm /EHsc /RTC1 /MDd /GS /fp:precise /Zc:wchar_t /Zc:forScope /Yu"StdAfx.h" /Fp"Debug\If.pch" /Fo"Debug\\" /Fd"Debug\vc100.pdb" /Gd /TP /analyze- /errorReport:prompt If.cpp
         If.cpp
       ManifestResourceCompile:
         All outputs are up-to-date.
       Link:
         C:\Program Files (x86)\Microsoft Visual Studio 10.0\VC\bin\link.exe /ERRORREPORT:PROMPT /OUT:"C:\Users\kate\Documents\Visual Studio 2010\Projects\If\Debug\If.exe" /INCREMENTAL /NOLOGO kernel32.lib user32.lib gdi32.lib winspool.lib comdlg32.lib advapi32.lib shell32.lib ole32.lib oleaut32.lib uuid.lib odbc32.lib odbccp32.lib /MANIFEST /ManifestFile:"Debug\If.exe.intermediate.manifest" /MANIFESTUAC:"level='asInvoker' uiAccess='false'" /DEBUG /PDB:"C:\Users\kate\Documents\Visual Studio 2010\Projects\If\Debug\If.pdb" /SUBSYSTEM:CONSOLE /TLBID:1 /DYNAMICBASE /NXCOMPAT /IMPLIB:"C:\Users\kate\Documents\Visual Studio 2010\Projects\If\Debug\If.lib" /MACHINE:X86 Debug\If.exe.embed.manifest.res
         Debug\If.obj
         Debug\stdafx.obj
       Manifest:
         C:\Program Files (x86)\Microsoft SDKs\Windows\v7.0A\bin\mt.exe /nologo /verbose /out:"Debug\If.exe.embed.manifest" /manifest Debug\If.exe.intermediate.manifest
         All outputs are up-to-date.
       LinkEmbedManifest:
         All outputs are up-to-date.
         If.vcxproj -> C:\Users\kate\Documents\Visual Studio 2010\Projects\If\Debug\If.exe
       FinalizeBuildStatus:
         Deleting file "Debug\If.unsuccessfulbuild".
         Touching "Debug\If.lastbuildstate".
     1>Done Building Project "C:\Users\kate\Documents\Visual Studio 2010\Projects\If\If\If.vcxproj" (build target(s)).

Build succeeded.

Time Elapsed 00:00:09.35
