D:\WORKING\PLURALSIGHT\MODERN C++\6B – POINTERS AND INHERITANCE\DEMO\BEGIN\CASTING\CASTING\DEBUG\CASTING.EXE.EMBED.MANIFEST
D:\WORKING\PLURALSIGHT\MODERN C++\6B – POINTERS AND INHERITANCE\DEMO\BEGIN\CASTING\CASTING\DEBUG\CASTING.EXE.EMBED.MANIFEST.RES
D:\WORKING\PLURALSIGHT\MODERN C++\6B – POINTERS AND INHERITANCE\DEMO\BEGIN\CASTING\CASTING\DEBUG\CASTING.EXE.INTERMEDIATE.MANIFEST
D:\WORKING\PLURALSIGHT\MODERN C++\6B – POINTERS AND INHERITANCE\DEMO\BEGIN\CASTING\CASTING\DEBUG\CASTING.OBJ
D:\WORKING\PLURALSIGHT\MODERN C++\6B – POINTERS AND INHERITANCE\DEMO\BEGIN\CASTING\CASTING\DEBUG\CASTING.PCH
D:\WORKING\PLURALSIGHT\MODERN C++\6B – POINTERS AND INHERITANCE\DEMO\BEGIN\CASTING\CASTING\DEBUG\PERSON.OBJ
D:\WORKING\PLURALSIGHT\MODERN C++\6B – POINTERS AND INHERITANCE\DEMO\BEGIN\CASTING\CASTING\DEBUG\RESOURCE.OBJ
D:\WORKING\PLURALSIGHT\MODERN C++\6B – POINTERS AND INHERITANCE\DEMO\BEGIN\CASTING\CASTING\DEBUG\STDAFX.OBJ
D:\WORKING\PLURALSIGHT\MODERN C++\6B – POINTERS AND INHERITANCE\DEMO\BEGIN\CASTING\CASTING\DEBUG\TWEETER.OBJ
D:\WORKING\PLURALSIGHT\MODERN C++\6B – POINTERS AND INHERITANCE\DEMO\BEGIN\CASTING\CASTING\DEBUG\VC100.PDB
D:\WORKING\PLURALSIGHT\MODERN C++\6B – POINTERS AND INHERITANCE\DEMO\BEGIN\CASTING\DEBUG\CASTING.EXE
D:\WORKING\PLURALSIGHT\MODERN C++\6B – POINTERS AND INHERITANCE\DEMO\BEGIN\CASTING\DEBUG\CASTING.ILK
D:\WORKING\PLURALSIGHT\MODERN C++\6B – POINTERS AND INHERITANCE\DEMO\BEGIN\CASTING\DEBUG\CASTING.PDB
D:\working\pluralsight\modern C++\6b – pointers and inheritance\Demo\End\Casting\Casting\Debug\Casting.exe.embed.manifest
D:\working\pluralsight\modern C++\6b – pointers and inheritance\Demo\End\Casting\Casting\Debug\Casting.exe.embed.manifest.res
D:\working\pluralsight\modern C++\6b – pointers and inheritance\Demo\End\Casting\Casting\Debug\Casting.exe.intermediate.manifest
D:\working\pluralsight\modern C++\6b – pointers and inheritance\Demo\End\Casting\Casting\Debug\Casting.obj
D:\working\pluralsight\modern C++\6b – pointers and inheritance\Demo\End\Casting\Casting\Debug\Casting.pch
D:\working\pluralsight\modern C++\6b – pointers and inheritance\Demo\End\Casting\Casting\Debug\Casting_manifest.rc
D:\working\pluralsight\modern C++\6b – pointers and inheritance\Demo\End\Casting\Casting\Debug\cl.command.1.tlog
D:\working\pluralsight\modern C++\6b – pointers and inheritance\Demo\End\Casting\Casting\Debug\CL.read.1.tlog
D:\working\pluralsight\modern C++\6b – pointers and inheritance\Demo\End\Casting\Casting\Debug\CL.write.1.tlog
D:\working\pluralsight\modern C++\6b – pointers and inheritance\Demo\End\Casting\Casting\Debug\link.6036.read.1.tlog
D:\working\pluralsight\modern C++\6b – pointers and inheritance\Demo\End\Casting\Casting\Debug\link.6036.write.1.tlog
D:\working\pluralsight\modern C++\6b – pointers and inheritance\Demo\End\Casting\Casting\Debug\link.6036-cvtres.read.1.tlog
D:\working\pluralsight\modern C++\6b – pointers and inheritance\Demo\End\Casting\Casting\Debug\link.6036-cvtres.write.1.tlog
D:\working\pluralsight\modern C++\6b – pointers and inheritance\Demo\End\Casting\Casting\Debug\link.6472.read.1.tlog
D:\working\pluralsight\modern C++\6b – pointers and inheritance\Demo\End\Casting\Casting\Debug\link.6472.write.1.tlog
D:\working\pluralsight\modern C++\6b – pointers and inheritance\Demo\End\Casting\Casting\Debug\link.6472-cvtres.read.1.tlog
D:\working\pluralsight\modern C++\6b – pointers and inheritance\Demo\End\Casting\Casting\Debug\link.6472-cvtres.write.1.tlog
D:\working\pluralsight\modern C++\6b – pointers and inheritance\Demo\End\Casting\Casting\Debug\link.9264.read.1.tlog
D:\working\pluralsight\modern C++\6b – pointers and inheritance\Demo\End\Casting\Casting\Debug\link.9264.write.1.tlog
D:\working\pluralsight\modern C++\6b – pointers and inheritance\Demo\End\Casting\Casting\Debug\link.9264-cvtres.read.1.tlog
D:\working\pluralsight\modern C++\6b – pointers and inheritance\Demo\End\Casting\Casting\Debug\link.9264-cvtres.write.1.tlog
D:\working\pluralsight\modern C++\6b – pointers and inheritance\Demo\End\Casting\Casting\Debug\link.9332.read.1.tlog
D:\working\pluralsight\modern C++\6b – pointers and inheritance\Demo\End\Casting\Casting\Debug\link.9332.write.1.tlog
D:\working\pluralsight\modern C++\6b – pointers and inheritance\Demo\End\Casting\Casting\Debug\link.9332-cvtres.read.1.tlog
D:\working\pluralsight\modern C++\6b – pointers and inheritance\Demo\End\Casting\Casting\Debug\link.9332-cvtres.write.1.tlog
D:\working\pluralsight\modern C++\6b – pointers and inheritance\Demo\End\Casting\Casting\Debug\link.command.1.tlog
D:\working\pluralsight\modern C++\6b – pointers and inheritance\Demo\End\Casting\Casting\Debug\link.read.1.tlog
D:\working\pluralsight\modern C++\6b – pointers and inheritance\Demo\End\Casting\Casting\Debug\link.write.1.tlog
D:\working\pluralsight\modern C++\6b – pointers and inheritance\Demo\End\Casting\Casting\Debug\link-cvtres.read.1.tlog
D:\working\pluralsight\modern C++\6b – pointers and inheritance\Demo\End\Casting\Casting\Debug\link-cvtres.write.1.tlog
D:\working\pluralsight\modern C++\6b – pointers and inheritance\Demo\End\Casting\Casting\Debug\mt.command.1.tlog
D:\working\pluralsight\modern C++\6b – pointers and inheritance\Demo\End\Casting\Casting\Debug\mt.read.1.tlog
D:\working\pluralsight\modern C++\6b – pointers and inheritance\Demo\End\Casting\Casting\Debug\mt.write.1.tlog
D:\working\pluralsight\modern C++\6b – pointers and inheritance\Demo\End\Casting\Casting\Debug\Person.obj
D:\working\pluralsight\modern C++\6b – pointers and inheritance\Demo\End\Casting\Casting\Debug\rc.command.1.tlog
D:\working\pluralsight\modern C++\6b – pointers and inheritance\Demo\End\Casting\Casting\Debug\rc.read.1.tlog
D:\working\pluralsight\modern C++\6b – pointers and inheritance\Demo\End\Casting\Casting\Debug\rc.write.1.tlog
D:\working\pluralsight\modern C++\6b – pointers and inheritance\Demo\End\Casting\Casting\Debug\Resource.obj
D:\working\pluralsight\modern C++\6b – pointers and inheritance\Demo\End\Casting\Casting\Debug\stdafx.obj
D:\working\pluralsight\modern C++\6b – pointers and inheritance\Demo\End\Casting\Casting\Debug\Tweeter.obj
D:\working\pluralsight\modern C++\6b – pointers and inheritance\Demo\End\Casting\Casting\Debug\vc100.idb
D:\working\pluralsight\modern C++\6b – pointers and inheritance\Demo\End\Casting\Casting\Debug\vc100.pdb
D:\working\pluralsight\modern C++\6b – pointers and inheritance\Demo\End\Casting\Debug\Casting.exe
D:\working\pluralsight\modern C++\6b – pointers and inheritance\Demo\End\Casting\Debug\Casting.ilk
D:\working\pluralsight\modern C++\6b – pointers and inheritance\Demo\End\Casting\Debug\Casting.pdb
