D:\WORKING\PLURALSIGHT\MODERN C++\6B – POINTERS AND INHERITANCE\DEMO\BEGIN\POINTERSANDINHERITANCE\DEBUG\POINTERSANDINHERITANCE.EXE
D:\WORKING\PLURALSIGHT\MODERN C++\6B – POINTERS AND INHERITANCE\DEMO\BEGIN\POINTERSANDINHERITANCE\DEBUG\POINTERSANDINHERITANCE.ILK
D:\WORKING\PLURALSIGHT\MODERN C++\6B – POINTERS AND INHERITANCE\DEMO\BEGIN\POINTERSANDINHERITANCE\DEBUG\POINTERSANDINHERITANCE.PDB
D:\WORKING\PLURALSIGHT\MODERN C++\6B – POINTERS AND INHERITANCE\DEMO\BEGIN\POINTERSANDINHERITANCE\POINTERSANDINHERITANCE\DEBUG\PERSON.OBJ
D:\WORKING\PLURALSIGHT\MODERN C++\6B – POINTERS AND INHERITANCE\DEMO\BEGIN\POINTERSANDINHERITANCE\POINTERSANDINHERITANCE\DEBUG\POINTERSANDINHERITANCE.EXE.EMBED.MANIFEST
D:\WORKING\PLURALSIGHT\MODERN C++\6B – POINTERS AND INHERITANCE\DEMO\BEGIN\POINTERSANDINHERITANCE\POINTERSANDINHERITANCE\DEBUG\POINTERSANDINHERITANCE.EXE.EMBED.MANIFEST.RES
D:\WORKING\PLURALSIGHT\MODERN C++\6B – POINTERS AND INHERITANCE\DEMO\BEGIN\POINTERSANDINHERITANCE\POINTERSANDINHERITANCE\DEBUG\POINTERSANDINHERITANCE.EXE.INTERMEDIATE.MANIFEST
D:\WORKING\PLURALSIGHT\MODERN C++\6B – POINTERS AND INHERITANCE\DEMO\BEGIN\POINTERSANDINHERITANCE\POINTERSANDINHERITANCE\DEBUG\POINTERSANDINHERITANCE.OBJ
D:\WORKING\PLURALSIGHT\MODERN C++\6B – POINTERS AND INHERITANCE\DEMO\BEGIN\POINTERSANDINHERITANCE\POINTERSANDINHERITANCE\DEBUG\POINTERSANDINHERITANCE.PCH
D:\WORKING\PLURALSIGHT\MODERN C++\6B – POINTERS AND INHERITANCE\DEMO\BEGIN\POINTERSANDINHERITANCE\POINTERSANDINHERITANCE\DEBUG\STDAFX.OBJ
D:\WORKING\PLURALSIGHT\MODERN C++\6B – POINTERS AND INHERITANCE\DEMO\BEGIN\POINTERSANDINHERITANCE\POINTERSANDINHERITANCE\DEBUG\TWEETER.OBJ
D:\WORKING\PLURALSIGHT\MODERN C++\6B – POINTERS AND INHERITANCE\DEMO\BEGIN\POINTERSANDINHERITANCE\POINTERSANDINHERITANCE\DEBUG\VC100.PDB
D:\working\pluralsight\modern C++\6b – pointers and inheritance\Demo\End\PointersAndInheritance\Debug\PointersAndInheritance.exe
D:\working\pluralsight\modern C++\6b – pointers and inheritance\Demo\End\PointersAndInheritance\Debug\PointersAndInheritance.ilk
D:\working\pluralsight\modern C++\6b – pointers and inheritance\Demo\End\PointersAndInheritance\Debug\PointersAndInheritance.pdb
D:\working\pluralsight\modern C++\6b – pointers and inheritance\Demo\End\PointersAndInheritance\PointersAndInheritance\Debug\cl.command.1.tlog
D:\working\pluralsight\modern C++\6b – pointers and inheritance\Demo\End\PointersAndInheritance\PointersAndInheritance\Debug\CL.read.1.tlog
D:\working\pluralsight\modern C++\6b – pointers and inheritance\Demo\End\PointersAndInheritance\PointersAndInheritance\Debug\CL.write.1.tlog
D:\working\pluralsight\modern C++\6b – pointers and inheritance\Demo\End\PointersAndInheritance\PointersAndInheritance\Debug\link.7268.read.1.tlog
D:\working\pluralsight\modern C++\6b – pointers and inheritance\Demo\End\PointersAndInheritance\PointersAndInheritance\Debug\link.7268.write.1.tlog
D:\working\pluralsight\modern C++\6b – pointers and inheritance\Demo\End\PointersAndInheritance\PointersAndInheritance\Debug\link.7268-cvtres.read.1.tlog
D:\working\pluralsight\modern C++\6b – pointers and inheritance\Demo\End\PointersAndInheritance\PointersAndInheritance\Debug\link.7268-cvtres.write.1.tlog
D:\working\pluralsight\modern C++\6b – pointers and inheritance\Demo\End\PointersAndInheritance\PointersAndInheritance\Debug\link.9456.read.1.tlog
D:\working\pluralsight\modern C++\6b – pointers and inheritance\Demo\End\PointersAndInheritance\PointersAndInheritance\Debug\link.9456.write.1.tlog
D:\working\pluralsight\modern C++\6b – pointers and inheritance\Demo\End\PointersAndInheritance\PointersAndInheritance\Debug\link.9456-cvtres.read.1.tlog
D:\working\pluralsight\modern C++\6b – pointers and inheritance\Demo\End\PointersAndInheritance\PointersAndInheritance\Debug\link.9456-cvtres.write.1.tlog
D:\working\pluralsight\modern C++\6b – pointers and inheritance\Demo\End\PointersAndInheritance\PointersAndInheritance\Debug\link.command.1.tlog
D:\working\pluralsight\modern C++\6b – pointers and inheritance\Demo\End\PointersAndInheritance\PointersAndInheritance\Debug\link.read.1.tlog
D:\working\pluralsight\modern C++\6b – pointers and inheritance\Demo\End\PointersAndInheritance\PointersAndInheritance\Debug\link.write.1.tlog
D:\working\pluralsight\modern C++\6b – pointers and inheritance\Demo\End\PointersAndInheritance\PointersAndInheritance\Debug\link-cvtres.read.1.tlog
D:\working\pluralsight\modern C++\6b – pointers and inheritance\Demo\End\PointersAndInheritance\PointersAndInheritance\Debug\link-cvtres.write.1.tlog
D:\working\pluralsight\modern C++\6b – pointers and inheritance\Demo\End\PointersAndInheritance\PointersAndInheritance\Debug\mt.command.1.tlog
D:\working\pluralsight\modern C++\6b – pointers and inheritance\Demo\End\PointersAndInheritance\PointersAndInheritance\Debug\mt.read.1.tlog
D:\working\pluralsight\modern C++\6b – pointers and inheritance\Demo\End\PointersAndInheritance\PointersAndInheritance\Debug\mt.write.1.tlog
D:\working\pluralsight\modern C++\6b – pointers and inheritance\Demo\End\PointersAndInheritance\PointersAndInheritance\Debug\Person.obj
D:\working\pluralsight\modern C++\6b – pointers and inheritance\Demo\End\PointersAndInheritance\PointersAndInheritance\Debug\PointersAndInheritance.exe.embed.manifest
D:\working\pluralsight\modern C++\6b – pointers and inheritance\Demo\End\PointersAndInheritance\PointersAndInheritance\Debug\PointersAndInheritance.exe.embed.manifest.res
D:\working\pluralsight\modern C++\6b – pointers and inheritance\Demo\End\PointersAndInheritance\PointersAndInheritance\Debug\PointersAndInheritance.exe.intermediate.manifest
D:\working\pluralsight\modern C++\6b – pointers and inheritance\Demo\End\PointersAndInheritance\PointersAndInheritance\Debug\PointersAndInheritance.obj
D:\working\pluralsight\modern C++\6b – pointers and inheritance\Demo\End\PointersAndInheritance\PointersAndInheritance\Debug\PointersAndInheritance.pch
D:\working\pluralsight\modern C++\6b – pointers and inheritance\Demo\End\PointersAndInheritance\PointersAndInheritance\Debug\PointersAndInheritance_manifest.rc
D:\working\pluralsight\modern C++\6b – pointers and inheritance\Demo\End\PointersAndInheritance\PointersAndInheritance\Debug\rc.command.1.tlog
D:\working\pluralsight\modern C++\6b – pointers and inheritance\Demo\End\PointersAndInheritance\PointersAndInheritance\Debug\rc.read.1.tlog
D:\working\pluralsight\modern C++\6b – pointers and inheritance\Demo\End\PointersAndInheritance\PointersAndInheritance\Debug\rc.write.1.tlog
D:\working\pluralsight\modern C++\6b – pointers and inheritance\Demo\End\PointersAndInheritance\PointersAndInheritance\Debug\stdafx.obj
D:\working\pluralsight\modern C++\6b – pointers and inheritance\Demo\End\PointersAndInheritance\PointersAndInheritance\Debug\vc100.idb
D:\working\pluralsight\modern C++\6b – pointers and inheritance\Demo\End\PointersAndInheritance\PointersAndInheritance\Debug\vc100.pdb
