D:\WORKING\PLURALSIGHT\MODERN C++\4 - OPERATORS\DEMO\BEGIN\COMPARISON\COMPARISON\DEBUG\COMPARISON.EXE.EMBED.MANIFEST
D:\WORKING\PLURALSIGHT\MODERN C++\4 - OPERATORS\DEMO\BEGIN\COMPARISON\COMPARISON\DEBUG\COMPARISON.EXE.EMBED.MANIFEST.RES
D:\WORKING\PLURALSIGHT\MODERN C++\4 - OPERATORS\DEMO\BEGIN\COMPARISON\COMPARISON\DEBUG\COMPARISON.EXE.INTERMEDIATE.MANIFEST
D:\WORKING\PLURALSIGHT\MODERN C++\4 - OPERATORS\DEMO\BEGIN\COMPARISON\COMPARISON\DEBUG\COMPARISON.OBJ
D:\WORKING\PLURALSIGHT\MODERN C++\4 - OPERATORS\DEMO\BEGIN\COMPARISON\COMPARISON\DEBUG\COMPARISON.PCH
D:\WORKING\PLURALSIGHT\MODERN C++\4 - OPERATORS\DEMO\BEGIN\COMPARISON\COMPARISON\DEBUG\STDAFX.OBJ
D:\WORKING\PLURALSIGHT\MODERN C++\4 - OPERATORS\DEMO\BEGIN\COMPARISON\COMPARISON\DEBUG\UTILITY.OBJ
D:\WORKING\PLURALSIGHT\MODERN C++\4 - OPERATORS\DEMO\BEGIN\COMPARISON\COMPARISON\DEBUG\VC100.PDB
D:\WORKING\PLURALSIGHT\MODERN C++\4 - OPERATORS\DEMO\BEGIN\COMPARISON\DEBUG\COMPARISON.EXE
D:\WORKING\PLURALSIGHT\MODERN C++\4 - OPERATORS\DEMO\BEGIN\COMPARISON\DEBUG\COMPARISON.ILK
D:\WORKING\PLURALSIGHT\MODERN C++\4 - OPERATORS\DEMO\BEGIN\COMPARISON\DEBUG\COMPARISON.PDB
D:\working\pluralsight\modern C++\4 - Operators\Demo\End\Comparison\Comparison\Debug\cl.command.1.tlog
D:\working\pluralsight\modern C++\4 - Operators\Demo\End\Comparison\Comparison\Debug\CL.read.1.tlog
D:\working\pluralsight\modern C++\4 - Operators\Demo\End\Comparison\Comparison\Debug\CL.write.1.tlog
D:\working\pluralsight\modern C++\4 - Operators\Demo\End\Comparison\Comparison\Debug\Comparison.exe.embed.manifest
D:\working\pluralsight\modern C++\4 - Operators\Demo\End\Comparison\Comparison\Debug\Comparison.exe.embed.manifest.res
D:\working\pluralsight\modern C++\4 - Operators\Demo\End\Comparison\Comparison\Debug\Comparison.exe.intermediate.manifest
D:\working\pluralsight\modern C++\4 - Operators\Demo\End\Comparison\Comparison\Debug\Comparison.obj
D:\working\pluralsight\modern C++\4 - Operators\Demo\End\Comparison\Comparison\Debug\Comparison.pch
D:\working\pluralsight\modern C++\4 - Operators\Demo\End\Comparison\Comparison\Debug\Comparison_manifest.rc
D:\working\pluralsight\modern C++\4 - Operators\Demo\End\Comparison\Comparison\Debug\link.7664.read.1.tlog
D:\working\pluralsight\modern C++\4 - Operators\Demo\End\Comparison\Comparison\Debug\link.7664.write.1.tlog
D:\working\pluralsight\modern C++\4 - Operators\Demo\End\Comparison\Comparison\Debug\link.7664-cvtres.read.1.tlog
D:\working\pluralsight\modern C++\4 - Operators\Demo\End\Comparison\Comparison\Debug\link.7664-cvtres.write.1.tlog
D:\working\pluralsight\modern C++\4 - Operators\Demo\End\Comparison\Comparison\Debug\link.9060.read.1.tlog
D:\working\pluralsight\modern C++\4 - Operators\Demo\End\Comparison\Comparison\Debug\link.9060.write.1.tlog
D:\working\pluralsight\modern C++\4 - Operators\Demo\End\Comparison\Comparison\Debug\link.9060-cvtres.read.1.tlog
D:\working\pluralsight\modern C++\4 - Operators\Demo\End\Comparison\Comparison\Debug\link.9060-cvtres.write.1.tlog
D:\working\pluralsight\modern C++\4 - Operators\Demo\End\Comparison\Comparison\Debug\link.command.1.tlog
D:\working\pluralsight\modern C++\4 - Operators\Demo\End\Comparison\Comparison\Debug\link.read.1.tlog
D:\working\pluralsight\modern C++\4 - Operators\Demo\End\Comparison\Comparison\Debug\link.write.1.tlog
D:\working\pluralsight\modern C++\4 - Operators\Demo\End\Comparison\Comparison\Debug\link-cvtres.read.1.tlog
D:\working\pluralsight\modern C++\4 - Operators\Demo\End\Comparison\Comparison\Debug\link-cvtres.write.1.tlog
D:\working\pluralsight\modern C++\4 - Operators\Demo\End\Comparison\Comparison\Debug\mt.command.1.tlog
D:\working\pluralsight\modern C++\4 - Operators\Demo\End\Comparison\Comparison\Debug\mt.read.1.tlog
D:\working\pluralsight\modern C++\4 - Operators\Demo\End\Comparison\Comparison\Debug\mt.write.1.tlog
D:\working\pluralsight\modern C++\4 - Operators\Demo\End\Comparison\Comparison\Debug\rc.command.1.tlog
D:\working\pluralsight\modern C++\4 - Operators\Demo\End\Comparison\Comparison\Debug\rc.read.1.tlog
D:\working\pluralsight\modern C++\4 - Operators\Demo\End\Comparison\Comparison\Debug\rc.write.1.tlog
D:\working\pluralsight\modern C++\4 - Operators\Demo\End\Comparison\Comparison\Debug\stdafx.obj
D:\working\pluralsight\modern C++\4 - Operators\Demo\End\Comparison\Comparison\Debug\Utility.obj
D:\working\pluralsight\modern C++\4 - Operators\Demo\End\Comparison\Comparison\Debug\vc100.idb
D:\working\pluralsight\modern C++\4 - Operators\Demo\End\Comparison\Comparison\Debug\vc100.pdb
D:\working\pluralsight\modern C++\4 - Operators\Demo\End\Comparison\Debug\Comparison.exe
D:\working\pluralsight\modern C++\4 - Operators\Demo\End\Comparison\Debug\Comparison.ilk
D:\working\pluralsight\modern C++\4 - Operators\Demo\End\Comparison\Debug\Comparison.pdb
