Build started 05/09/2011 1:30:43 PM.
     1>Project "D:\working\pluralsight\modern C++\4 - Operators\Demo\End\Comparison\Comparison\Comparison.vcxproj" on node 2 (build target(s)).
     1>InitializeBuildStatus:
         Creating "Debug\Comparison.unsuccessfulbuild" because "AlwaysCreate" was specified.
       ClCompile:
         All outputs are up-to-date.
         C:\Program Files (x86)\Microsoft Visual Studio 10.0\VC\bin\CL.exe /c /ZI /nologo /W3 /WX- /Od /Oy- /D WIN32 /D _DEBUG /D _CONSOLE /D _UNICODE /D UNICODE /Gm /EHsc /RTC1 /MDd /GS /fp:precise /Zc:wchar_t /Zc:forScope /Yu"StdAfx.h" /Fp"Debug\Comparison.pch" /Fo"Debug\\" /Fd"Debug\vc100.pdb" /Gd /TP /analyze- /errorReport:prompt Comparison.cpp
         Comparison.cpp
       ManifestResourceCompile:
         All outputs are up-to-date.
       Link:
         C:\Program Files (x86)\Microsoft Visual Studio 10.0\VC\bin\link.exe /ERRORREPORT:PROMPT /OUT:"D:\working\pluralsight\modern C++\4 - Operators\Demo\End\Comparison\Debug\Comparison.exe" /INCREMENTAL /NOLOGO kernel32.lib user32.lib gdi32.lib winspool.lib comdlg32.lib advapi32.lib shell32.lib ole32.lib oleaut32.lib uuid.lib odbc32.lib odbccp32.lib /MANIFEST /ManifestFile:"Debug\Comparison.exe.intermediate.manifest" /MANIFESTUAC:"level='asInvoker' uiAccess='false'" /DEBUG /PDB:"D:\working\pluralsight\modern C++\4 - Operators\Demo\End\Comparison\Debug\Comparison.pdb" /SUBSYSTEM:CONSOLE /TLBID:1 /DYNAMICBASE /NXCOMPAT /IMPLIB:"D:\working\pluralsight\modern C++\4 - Operators\Demo\End\Comparison\Debug\Comparison.lib" /MACHINE:X86 Debug\Comparison.exe.embed.manifest.res
         Debug\Comparison.obj
         Debug\stdafx.obj
         Debug\Utility.obj
       Manifest:
         C:\Program Files (x86)\Microsoft SDKs\Windows\v7.0A\bin\mt.exe /nologo /verbose /out:"Debug\Comparison.exe.embed.manifest" /manifest Debug\Comparison.exe.intermediate.manifest
         All outputs are up-to-date.
       LinkEmbedManifest:
         All outputs are up-to-date.
         Comparison.vcxproj -> D:\working\pluralsight\modern C++\4 - Operators\Demo\End\Comparison\Debug\Comparison.exe
       FinalizeBuildStatus:
         Deleting file "Debug\Comparison.unsuccessfulbuild".
         Touching "Debug\Comparison.lastbuildstate".
     1>Done Building Project "D:\working\pluralsight\modern C++\4 - Operators\Demo\End\Comparison\Comparison\Comparison.vcxproj" (build target(s)).

Build succeeded.

Time Elapsed 00:00:11.02
